;  LST file generated by mikroListExporter - v.2.0 
; Date/Time: 03/04/2017 01:39:28 p. m.
;----------------------------------------------

;Address Opcode 	ASM
0x0000	0x000000040868  	GOTO	_main
0x0004	0x000000  	0
0x0006	0x000000  	0
0x0008	0x000000  	0
0x000A	0x000000  	0
0x000C	0x000000  	0
0x000E	0x000000  	0
0x0010	0x000000  	0
0x0012	0x000000  	0
0x0014	0x000000  	0
0x0016	0x000000  	0
0x0018	0x000000  	0
0x001A	0x000896  	2198
0x001C	0x000000  	0
0x001E	0x000000  	0
0x0020	0x000000  	0
0x0022	0x000000  	0
0x0024	0x000000  	0
0x0026	0x000000  	0
0x0028	0x000000  	0
0x002A	0x000000  	0
0x002C	0x000000  	0
0x002E	0x000000  	0
0x0030	0x000000  	0
0x0032	0x000000  	0
0x0034	0x000000  	0
0x0036	0x000000  	0
0x0038	0x000000  	0
0x003A	0x000000  	0
0x003C	0x000000  	0
0x003E	0x000000  	0
0x0040	0x000000  	0
0x0042	0x000000  	0
0x0044	0x000000  	0
0x0046	0x000000  	0
0x0048	0x000000  	0
0x004A	0x000000  	0
0x004C	0x000000  	0
0x004E	0x000000  	0
0x0050	0x000000  	0
0x0052	0x000000  	0
0x0054	0x000000  	0
0x0056	0x000000  	0
0x0058	0x000000  	0
0x005A	0x000000  	0
0x005C	0x000000  	0
0x005E	0x000000  	0
0x0060	0x000000  	0
0x0062	0x000000  	0
0x0064	0x000000  	0
0x0066	0x000000  	0
0x0068	0x000000  	0
0x006A	0x000000  	0
0x006C	0x000000  	0
0x006E	0x000000  	0
0x0070	0x000000  	0
0x0072	0x000000  	0
0x0074	0x000000  	0
0x0076	0x000000  	0
0x0078	0x000000  	0
0x007A	0x000000  	0
0x007C	0x000000  	0
0x007E	0x000000  	0
0x0080	0x000000  	0
0x0082	0x000000  	0
0x0084	0x000000  	0
0x0086	0x000000  	0
0x0088	0x000000  	0
0x008A	0x000000  	0
0x008C	0x000000  	0
0x008E	0x000000  	0
0x0090	0x000000  	0
0x0092	0x000000  	0
0x0094	0x000000  	0
0x0096	0x000000  	0
0x0098	0x000000  	0
0x009A	0x000000  	0
0x009C	0x000000  	0
0x009E	0x000000  	0
0x00A0	0x000000  	0
0x00A2	0x000000  	0
0x00A4	0x000000  	0
0x00A6	0x000000  	0
0x00A8	0x000000  	0
0x00AA	0x000000  	0
0x00AC	0x000000  	0
0x00AE	0x000000  	0
0x00B0	0x000000  	0
0x00B2	0x000000  	0
0x00B4	0x000000  	0
0x00B6	0x000000  	0
0x00B8	0x000000  	0
0x00BA	0x000000  	0
0x00BC	0x000000  	0
0x00BE	0x000000  	0
0x00C0	0x000000  	0
0x00C2	0x000000  	0
0x00C4	0x000000  	0
0x00C6	0x000000  	0
0x00C8	0x000000  	0
0x00CA	0x000000  	0
0x00CC	0x000000  	0
0x00CE	0x000000  	0
0x00D0	0x000000  	0
0x00D2	0x000000  	0
0x00D4	0x000000  	0
0x00D6	0x000000  	0
0x00D8	0x000000  	0
0x00DA	0x000000  	0
0x00DC	0x000000  	0
0x00DE	0x000000  	0
0x00E0	0x000000  	0
0x00E2	0x000000  	0
0x00E4	0x000000  	0
0x00E6	0x000000  	0
0x00E8	0x000000  	0
0x00EA	0x000000  	0
0x00EC	0x000000  	0
0x00EE	0x000000  	0
0x00F0	0x000000  	0
0x00F2	0x000000  	0
0x00F4	0x000000  	0
0x00F6	0x000000  	0
0x00F8	0x000000  	0
0x00FA	0x000000  	0
0x00FC	0x000000  	0
0x00FE	0x000000  	0
0x0100	0x000000  	0
0x0102	0x000000  	0
0x0104	0x000000  	0
0x0106	0x000000  	0
0x0108	0x000000  	0
0x010A	0x000000  	0
0x010C	0x000000  	0
0x010E	0x000000  	0
0x0110	0x000000  	0
0x0112	0x000000  	0
0x0114	0x000000  	0
0x0116	0x000000  	0
0x0118	0x000000  	0
0x011A	0x000000  	0
0x011C	0x000000  	0
0x011E	0x000000  	0
0x0120	0x000000  	0
0x0122	0x000000  	0
0x0124	0x000000  	0
0x0126	0x000000  	0
0x0128	0x000000  	0
0x012A	0x000000  	0
0x012C	0x000000  	0
0x012E	0x000000  	0
0x0130	0x000000  	0
0x0132	0x000000  	0
0x0134	0x000000  	0
0x0136	0x000000  	0
0x0138	0x000000  	0
0x013A	0x000000  	0
0x013C	0x000000  	0
0x013E	0x000000  	0
0x0140	0x000000  	0
0x0142	0x000000  	0
0x0144	0x000000  	0
0x0146	0x000000  	0
0x0148	0x000000  	0
0x014A	0x000000  	0
0x014C	0x000000  	0
0x014E	0x000000  	0
0x0150	0x000000  	0
0x0152	0x000000  	0
0x0154	0x000000  	0
0x0156	0x000000  	0
0x0158	0x000000  	0
0x015A	0x000000  	0
0x015C	0x000000  	0
0x015E	0x000000  	0
0x0160	0x000000  	0
0x0162	0x000000  	0
0x0164	0x000000  	0
0x0166	0x000000  	0
0x0168	0x000000  	0
0x016A	0x000000  	0
0x016C	0x000000  	0
0x016E	0x000000  	0
0x0170	0x000000  	0
0x0172	0x000000  	0
0x0174	0x000000  	0
0x0176	0x000000  	0
0x0178	0x000000  	0
0x017A	0x000000  	0
0x017C	0x000000  	0
0x017E	0x000000  	0
0x0180	0x000000  	0
0x0182	0x000000  	0
0x0184	0x000000  	0
0x0186	0x000000  	0
0x0188	0x000000  	0
0x018A	0x000000  	0
0x018C	0x000000  	0
0x018E	0x000000  	0
0x0190	0x000000  	0
0x0192	0x000000  	0
0x0194	0x000000  	0
0x0196	0x000000  	0
0x0198	0x000000  	0
0x019A	0x000000  	0
0x019C	0x000000  	0
0x019E	0x000000  	0
0x01A0	0x000000  	0
0x01A2	0x000000  	0
0x01A4	0x000000  	0
0x01A6	0x000000  	0
0x01A8	0x000000  	0
0x01AA	0x000000  	0
0x01AC	0x000000  	0
0x01AE	0x000000  	0
0x01B0	0x000000  	0
0x01B2	0x000000  	0
0x01B4	0x000000  	0
0x01B6	0x000000  	0
0x01B8	0x000000  	0
0x01BA	0x000000  	0
0x01BC	0x000000  	0
0x01BE	0x000000  	0
0x01C0	0x000000  	0
0x01C2	0x000000  	0
0x01C4	0x000000  	0
0x01C6	0x000000  	0
0x01C8	0x000000  	0
0x01CA	0x000000  	0
0x01CC	0x000000  	0
0x01CE	0x000000  	0
0x01D0	0x000000  	0
0x01D2	0x000000  	0
0x01D4	0x000000  	0
0x01D6	0x000000  	0
0x01D8	0x000000  	0
0x01DA	0x000000  	0
0x01DC	0x000000  	0
0x01DE	0x000000  	0
0x01E0	0x000000  	0
0x01E2	0x000000  	0
0x01E4	0x000000  	0
0x01E6	0x000000  	0
0x01E8	0x000000  	0
0x01EA	0x000000  	0
0x01EC	0x000000  	0
0x01EE	0x000000  	0
0x01F0	0x000000  	0
0x01F2	0x000000  	0
0x01F4	0x000000  	0
0x01F6	0x000000  	0
0x01F8	0x000000  	0
0x01FA	0x000000  	0
0x01FC	0x000000  	0
0x01FE	0x000000  	0
_main:
0x0868	0x2081EF  	MOV	#2078, W15
0x086A	0x20FFF0  	MOV	#4095, W0
0x086C	0xB7A020  	MOV	WREG, SPLIM
0x086E	0x200000  	MOV	#0, W0
0x0870	0xB7A034  	MOV	WREG, PSVPAG
0x0872	0x200040  	MOV	#4, W0
0x0874	0xB72044  	IOR	CORCON
0x0876	0x0000000208EE  	CALL	2286
;SensorTemperatura.c,60 :: 		void main()
;SensorTemperatura.c,64 :: 		Lcd_Init();
0x087A	0x781F8A  	PUSH	W10
0x087C	0x07FE35  	RCALL	_Lcd_Init
;SensorTemperatura.c,65 :: 		Lcd_Cmd(_LCD_CLEAR);               // Clear display
0x087E	0xB3C01A  	MOV.B	#1, W10
0x0880	0x07FDC3  	RCALL	_Lcd_Cmd
;SensorTemperatura.c,66 :: 		Lcd_Cmd(_LCD_CURSOR_OFF);          // Cursor off
0x0882	0xB3C0CA  	MOV.B	#12, W10
0x0884	0x07FDC1  	RCALL	_Lcd_Cmd
;SensorTemperatura.c,68 :: 		ADC1_Init();
0x0886	0x07FE23  	RCALL	_ADC1_Init
;SensorTemperatura.c,69 :: 		TRISA.F0 = 1;     //pin RA0 como entrada
0x0888	0xA802C0  	BSET	TRISA, #0
;SensorTemperatura.c,73 :: 		TRISB.F15 = 0;
0x088A	0xA9E2C9  	BCLR	TRISB, #15
;SensorTemperatura.c,74 :: 		LATB.F15 = 0;
0x088C	0xA9E2CD  	BCLR	LATB, #15
;SensorTemperatura.c,76 :: 		config_timer();
0x088E	0x07FFE2  	RCALL	_config_timer
;SensorTemperatura.c,77 :: 		while(1);
L_main0:
0x0890	0x37FFFF  	BRA	L_main0
;SensorTemperatura.c,78 :: 		}
L_end_main:
0x0892	0x78054F  	POP	W10
L__main_end_loop:
0x0894	0x37FFFF  	BRA	L__main_end_loop
; end of _main
_Lcd_Init:
0x04E8	0xFA0000  	LNK	#0
;__Lib_Lcd.c,105 :: 		
;__Lib_Lcd.c,107 :: 		
0x04EA	0x07FF89  	RCALL	_Delay_8ms
0x04EC	0x07FF88  	RCALL	_Delay_8ms
;__Lib_Lcd.c,109 :: 		
0x04EE	0xA962C8  	BCLR	LCD_EN_Direction, BitPos(LCD_EN_Direction+0)
;__Lib_Lcd.c,110 :: 		
0x04F0	0xA942C8  	BCLR	LCD_RS_Direction, BitPos(LCD_RS_Direction+0)
;__Lib_Lcd.c,111 :: 		
0x04F2	0xA982C8  	BCLR	LCD_D4_Direction, BitPos(LCD_D4_Direction+0)
;__Lib_Lcd.c,112 :: 		
0x04F4	0xA9A2C8  	BCLR	LCD_D5_Direction, BitPos(LCD_D5_Direction+0)
;__Lib_Lcd.c,113 :: 		
0x04F6	0xA9C2C8  	BCLR	LCD_D6_Direction, BitPos(LCD_D6_Direction+0)
;__Lib_Lcd.c,114 :: 		
0x04F8	0xA9E2C8  	BCLR	LCD_D7_Direction, BitPos(LCD_D7_Direction+0)
;__Lib_Lcd.c,116 :: 		
0x04FA	0xA962CC  	BCLR	LCD_EN, BitPos(LCD_EN+0)
;__Lib_Lcd.c,117 :: 		
0x04FC	0xA942CC  	BCLR	LCD_RS, BitPos(LCD_RS+0)
;__Lib_Lcd.c,118 :: 		
0x04FE	0xA9E2CC  	BCLR	LCD_D7, BitPos(LCD_D7+0)
;__Lib_Lcd.c,119 :: 		
0x0500	0xA9C2CC  	BCLR	LCD_D6, BitPos(LCD_D6+0)
;__Lib_Lcd.c,120 :: 		
0x0502	0xA9A2CC  	BCLR	LCD_D5, BitPos(LCD_D5+0)
;__Lib_Lcd.c,121 :: 		
0x0504	0xA982CC  	BCLR	LCD_D4, BitPos(LCD_D4+0)
;__Lib_Lcd.c,130 :: 		
0x0506	0xA8A2CC  	BSET	LCD_D5, BitPos(LCD_D5+0)
;__Lib_Lcd.c,131 :: 		
0x0508	0xA882CC  	BSET	LCD_D4, BitPos(LCD_D4+0)
;__Lib_Lcd.c,132 :: 		
0x050A	0x07FEC4  	RCALL	__Lib_Lcd_Strobe
;__Lib_Lcd.c,133 :: 		
0x050C	0x07FE7F  	RCALL	_Delay_5500us
;__Lib_Lcd.c,136 :: 		
0x050E	0x07FEC2  	RCALL	__Lib_Lcd_Strobe
;__Lib_Lcd.c,137 :: 		
0x0510	0x07FE7D  	RCALL	_Delay_5500us
;__Lib_Lcd.c,140 :: 		
0x0512	0x07FEC0  	RCALL	__Lib_Lcd_Strobe
;__Lib_Lcd.c,141 :: 		
0x0514	0x07FE7B  	RCALL	_Delay_5500us
;__Lib_Lcd.c,144 :: 		
0x0516	0xA982CC  	BCLR	LCD_D4, BitPos(LCD_D4+0)
;__Lib_Lcd.c,145 :: 		
0x0518	0x07FEBD  	RCALL	__Lib_Lcd_Strobe
;__Lib_Lcd.c,146 :: 		
0x051A	0x07FE78  	RCALL	_Delay_5500us
;__Lib_Lcd.c,149 :: 		
0x051C	0x07FEBB  	RCALL	__Lib_Lcd_Strobe
;__Lib_Lcd.c,151 :: 		
0x051E	0xA9A2CC  	BCLR	LCD_D5, BitPos(LCD_D5+0)
;__Lib_Lcd.c,152 :: 		
0x0520	0xA8E2CC  	BSET	LCD_D7, BitPos(LCD_D7+0)
;__Lib_Lcd.c,153 :: 		
0x0522	0x07FEB8  	RCALL	__Lib_Lcd_Strobe
;__Lib_Lcd.c,154 :: 		
0x0524	0x07FE73  	RCALL	_Delay_5500us
;__Lib_Lcd.c,157 :: 		
0x0526	0xA9E2CC  	BCLR	LCD_D7, BitPos(LCD_D7+0)
;__Lib_Lcd.c,158 :: 		
0x0528	0xA882CC  	BSET	LCD_D4, BitPos(LCD_D4+0)
;__Lib_Lcd.c,159 :: 		
0x052A	0x07FEB4  	RCALL	__Lib_Lcd_Strobe
;__Lib_Lcd.c,161 :: 		
0x052C	0xA982CC  	BCLR	LCD_D4, BitPos(LCD_D4+0)
;__Lib_Lcd.c,162 :: 		
0x052E	0x07FEB2  	RCALL	__Lib_Lcd_Strobe
;__Lib_Lcd.c,163 :: 		
0x0530	0x07FE6D  	RCALL	_Delay_5500us
;__Lib_Lcd.c,166 :: 		
0x0532	0x07FEB0  	RCALL	__Lib_Lcd_Strobe
;__Lib_Lcd.c,168 :: 		
0x0534	0xA882CC  	BSET	LCD_D4, BitPos(LCD_D4+0)
;__Lib_Lcd.c,169 :: 		
0x0536	0x07FEAE  	RCALL	__Lib_Lcd_Strobe
;__Lib_Lcd.c,170 :: 		
0x0538	0x07FE69  	RCALL	_Delay_5500us
;__Lib_Lcd.c,173 :: 		
0x053A	0xA982CC  	BCLR	LCD_D4, BitPos(LCD_D4+0)
;__Lib_Lcd.c,174 :: 		
0x053C	0x07FEAB  	RCALL	__Lib_Lcd_Strobe
;__Lib_Lcd.c,176 :: 		
0x053E	0xA8E2CC  	BSET	LCD_D7, BitPos(LCD_D7+0)
;__Lib_Lcd.c,177 :: 		
0x0540	0xA8C2CC  	BSET	LCD_D6, BitPos(LCD_D6+0)
;__Lib_Lcd.c,178 :: 		
0x0542	0xA8A2CC  	BSET	LCD_D5, BitPos(LCD_D5+0)
;__Lib_Lcd.c,179 :: 		
0x0544	0xA882CC  	BSET	LCD_D4, BitPos(LCD_D4+0)
;__Lib_Lcd.c,180 :: 		
0x0546	0x07FEA6  	RCALL	__Lib_Lcd_Strobe
;__Lib_Lcd.c,181 :: 		
0x0548	0x07FE61  	RCALL	_Delay_5500us
;__Lib_Lcd.c,183 :: 		
0x054A	0x2080A0  	MOV	#lo_addr(__Lib_Lcd_cmd_status), W0
0x054C	0xA00010  	BSET	[W0], BitPos(__Lib_Lcd_cmd_status+0)
;__Lib_Lcd.c,184 :: 		
L_end_Lcd_Init:
0x054E	0xFA8000  	ULNK
0x0550	0x060000  	RETURN
; end of _Lcd_Init
_Delay_8ms:
;__Lib_Delays.c,614 :: 		void Delay_8ms()
;__Lib_Delays.c,616 :: 		Delay_ms(8);
0x03FE	0x234157  	MOV	#13333, W7
L_Delay_8ms27:
0x0400	0xED200E  	DEC	W7
0x0402	0x3AFFFE  	BRA NZ	L_Delay_8ms27
0x0404	0x000000  	NOP
;__Lib_Delays.c,617 :: 		}
L_end_Delay_8ms:
0x0406	0x060000  	RETURN
; end of _Delay_8ms
__Lib_Lcd_Strobe:
0x0294	0xFA0000  	LNK	#0
;__Lib_Lcd.c,26 :: 		
;__Lib_Lcd.c,27 :: 		
0x0296	0xA862CC  	BSET	LCD_EN, BitPos(LCD_EN+0)
;__Lib_Lcd.c,28 :: 		
0x0298	0x07FFB3  	RCALL	_Delay_1us
;__Lib_Lcd.c,29 :: 		
0x029A	0xA962CC  	BCLR	LCD_EN, BitPos(LCD_EN+0)
;__Lib_Lcd.c,30 :: 		
0x029C	0x07FFB1  	RCALL	_Delay_1us
;__Lib_Lcd.c,31 :: 		
L_end_Strobe:
0x029E	0xFA8000  	ULNK
0x02A0	0x060000  	RETURN
; end of __Lib_Lcd_Strobe
_Delay_1us:
;__Lib_Delays.c,380 :: 		void Delay_1us()
;__Lib_Delays.c,382 :: 		Delay_us(1);
0x0200	0x000000  	NOP
0x0202	0x000000  	NOP
0x0204	0x000000  	NOP
0x0206	0x000000  	NOP
0x0208	0x000000  	NOP
;__Lib_Delays.c,383 :: 		}
L_end_Delay_1us:
0x020A	0x060000  	RETURN
; end of _Delay_1us
_Delay_5500us:
;__Lib_Delays.c,536 :: 		void Delay_5500us()
;__Lib_Delays.c,538 :: 		Delay_us(5500);
0x020C	0x223CE7  	MOV	#9166, W7
L_Delay_5500us21:
0x020E	0xED200E  	DEC	W7
0x0210	0x3AFFFE  	BRA NZ	L_Delay_5500us21
0x0212	0x000000  	NOP
0x0214	0x000000  	NOP
;__Lib_Delays.c,539 :: 		}
L_end_Delay_5500us:
0x0216	0x060000  	RETURN
; end of _Delay_5500us
_Lcd_Cmd:
0x0408	0xFA0000  	LNK	#0
;__Lib_Lcd.c,38 :: 		
;__Lib_Lcd.c,40 :: 		
; loc_word start address is: 2 (W1)
0x040A	0xFB808A  	ZE	W10, W1
;__Lib_Lcd.c,42 :: 		
0x040C	0xAEE002  	BTSS	W1, #7
0x040E	0xA9E2CC  	BCLR	LCD_D7, BitPos(LCD_D7+0)
0x0410	0xAFE002  	BTSC	W1, #7
0x0412	0xA8E2CC  	BSET	LCD_D7, BitPos(LCD_D7+0)
;__Lib_Lcd.c,43 :: 		
0x0414	0xAEC002  	BTSS	W1, #6
0x0416	0xA9C2CC  	BCLR	LCD_D6, BitPos(LCD_D6+0)
0x0418	0xAFC002  	BTSC	W1, #6
0x041A	0xA8C2CC  	BSET	LCD_D6, BitPos(LCD_D6+0)
;__Lib_Lcd.c,44 :: 		
0x041C	0xAEA002  	BTSS	W1, #5
0x041E	0xA9A2CC  	BCLR	LCD_D5, BitPos(LCD_D5+0)
0x0420	0xAFA002  	BTSC	W1, #5
0x0422	0xA8A2CC  	BSET	LCD_D5, BitPos(LCD_D5+0)
;__Lib_Lcd.c,45 :: 		
0x0424	0xAE8002  	BTSS	W1, #4
0x0426	0xA982CC  	BCLR	LCD_D4, BitPos(LCD_D4+0)
0x0428	0xAF8002  	BTSC	W1, #4
0x042A	0xA882CC  	BSET	LCD_D4, BitPos(LCD_D4+0)
;__Lib_Lcd.c,47 :: 		
0x042C	0x2080A0  	MOV	#lo_addr(__Lib_Lcd_cmd_status), W0
0x042E	0xA60010  	BTSS	[W0], BitPos(__Lib_Lcd_cmd_status+0)
0x0430	0xA842CC  	BSET	LCD_RS, BitPos(LCD_RS+0)
0x0432	0xA70010  	BTSC	[W0], BitPos(__Lib_Lcd_cmd_status+0)
0x0434	0xA942CC  	BCLR	LCD_RS, BitPos(LCD_RS+0)
;__Lib_Lcd.c,49 :: 		
0x0436	0x07FF2E  	RCALL	__Lib_Lcd_Strobe
;__Lib_Lcd.c,51 :: 		
0x0438	0xAE6002  	BTSS	W1, #3
0x043A	0xA9E2CC  	BCLR	LCD_D7, BitPos(LCD_D7+0)
0x043C	0xAF6002  	BTSC	W1, #3
0x043E	0xA8E2CC  	BSET	LCD_D7, BitPos(LCD_D7+0)
;__Lib_Lcd.c,52 :: 		
0x0440	0xAE4002  	BTSS	W1, #2
0x0442	0xA9C2CC  	BCLR	LCD_D6, BitPos(LCD_D6+0)
0x0444	0xAF4002  	BTSC	W1, #2
0x0446	0xA8C2CC  	BSET	LCD_D6, BitPos(LCD_D6+0)
;__Lib_Lcd.c,53 :: 		
0x0448	0xAE2002  	BTSS	W1, #1
0x044A	0xA9A2CC  	BCLR	LCD_D5, BitPos(LCD_D5+0)
0x044C	0xAF2002  	BTSC	W1, #1
0x044E	0xA8A2CC  	BSET	LCD_D5, BitPos(LCD_D5+0)
;__Lib_Lcd.c,54 :: 		
0x0450	0xAE0002  	BTSS	W1, #0
0x0452	0xA982CC  	BCLR	LCD_D4, BitPos(LCD_D4+0)
0x0454	0xAF0002  	BTSC	W1, #0
0x0456	0xA882CC  	BSET	LCD_D4, BitPos(LCD_D4+0)
; loc_word end address is: 2 (W1)
;__Lib_Lcd.c,56 :: 		
0x0458	0x2080A0  	MOV	#lo_addr(__Lib_Lcd_cmd_status), W0
0x045A	0xA60010  	BTSS	[W0], BitPos(__Lib_Lcd_cmd_status+0)
0x045C	0xA842CC  	BSET	LCD_RS, BitPos(LCD_RS+0)
0x045E	0xA70010  	BTSC	[W0], BitPos(__Lib_Lcd_cmd_status+0)
0x0460	0xA942CC  	BCLR	LCD_RS, BitPos(LCD_RS+0)
;__Lib_Lcd.c,58 :: 		
0x0462	0x07FF18  	RCALL	__Lib_Lcd_Strobe
;__Lib_Lcd.c,60 :: 		
0x0464	0x2080A0  	MOV	#lo_addr(__Lib_Lcd_cmd_status), W0
0x0466	0xA60010  	BTSS	[W0], BitPos(__Lib_Lcd_cmd_status+0)
0x0468	0x370002  	BRA	L_Lcd_Cmd0
;__Lib_Lcd.c,61 :: 		
0x046A	0x07FED0  	RCALL	_Delay_5500us
0x046C	0x370001  	BRA	L_Lcd_Cmd1
L_Lcd_Cmd0:
;__Lib_Lcd.c,63 :: 		
0x046E	0x07FED4  	RCALL	_Delay_50us
L_Lcd_Cmd1:
;__Lib_Lcd.c,64 :: 		
L_end_Lcd_Cmd:
0x0470	0xFA8000  	ULNK
0x0472	0x060000  	RETURN
; end of _Lcd_Cmd
_Delay_50us:
;__Lib_Delays.c,458 :: 		void Delay_50us()
;__Lib_Delays.c,460 :: 		Delay_us(50);
0x0218	0x200537  	MOV	#83, W7
L_Delay_50us15:
0x021A	0xED200E  	DEC	W7
0x021C	0x3AFFFE  	BRA NZ	L_Delay_50us15
0x021E	0x000000  	NOP
;__Lib_Delays.c,461 :: 		}
L_end_Delay_50us:
0x0220	0x060000  	RETURN
; end of _Delay_50us
_ADC1_Init:
0x04CE	0xFA0000  	LNK	#0
;__Lib_ADC_1_p24HJ_p33_3_8.c,38 :: 		
;__Lib_ADC_1_p24HJ_p33_3_8.c,39 :: 		
0x04D0	0x208360  	MOV	#lo_addr(_ADC1_Get_Sample), W0
0x04D2	0x8840E0  	MOV	W0, _ADC_Get_Sample_Ptr
;__Lib_ADC_1_p24HJ_p33_3_8.c,41 :: 		
0x04D4	0x200E00  	MOV	#224, W0
0x04D6	0xB7A320  	MOV	WREG, AD1CON1
;__Lib_ADC_1_p24HJ_p33_3_8.c,42 :: 		
0x04D8	0xA94321  	BCLR	AD1CON1, #10
;__Lib_ADC_1_p24HJ_p33_3_8.c,43 :: 		
0x04DA	0xEF2322  	CLR	AD1CON2
;__Lib_ADC_1_p24HJ_p33_3_8.c,44 :: 		
0x04DC	0x21F3F0  	MOV	#7999, W0
0x04DE	0xB7A324  	MOV	WREG, AD1CON3
;__Lib_ADC_1_p24HJ_p33_3_8.c,45 :: 		
0x04E0	0xEF2330  	CLR	AD1CSSL
;__Lib_ADC_1_p24HJ_p33_3_8.c,46 :: 		
0x04E2	0xA8E321  	BSET	AD1CON1, #15
;__Lib_ADC_1_p24HJ_p33_3_8.c,47 :: 		
L_end_ADC1_Init:
0x04E4	0xFA8000  	ULNK
0x04E6	0x060000  	RETURN
; end of _ADC1_Init
_config_timer:
;SensorTemperatura.c,30 :: 		void config_timer( void ){
;SensorTemperatura.c,32 :: 		T1CON         = 0x8000;
0x0854	0x280000  	MOV	#32768, W0
0x0856	0xB7A104  	MOV	WREG, T1CON
;SensorTemperatura.c,33 :: 		T1IE_bit         = 1;
0x0858	0xA86094  	BSET	T1IE_bit, BitPos(T1IE_bit+0)
;SensorTemperatura.c,34 :: 		T1IF_bit         = 0;
0x085A	0xA96084  	BCLR	T1IF_bit, BitPos(T1IF_bit+0)
;SensorTemperatura.c,35 :: 		IPC0                 = IPC0 | 0x1000;
0x085C	0x210001  	MOV	#4096, W1
0x085E	0x200A40  	MOV	#lo_addr(IPC0), W0
0x0860	0x708810  	IOR	W1, [W0], [W0]
;SensorTemperatura.c,36 :: 		PR1                 = 500;
0x0862	0x201F40  	MOV	#500, W0
0x0864	0xB7A102  	MOV	WREG, PR1
;SensorTemperatura.c,37 :: 		}
L_end_config_timer:
0x0866	0x060000  	RETURN
; end of _config_timer
0x08EE	0x208001  	MOV	#lo_addr(?lstr2___Lib_Conversions), W1
0x08F0	0x288E40  	MOV	#35044, W0
0x08F2	0x090004  	REPEAT	#4
0x08F4	0x7818B0  	MOV	[W0++], [W1++]
0x08F6	0x060000  	RETURN
_Timer1Int:
0x0896	0xF80034  	PUSH	PSVPAG
0x0898	0xF80036  	PUSH	RCOUNT
0x089A	0x781F80  	PUSH	W0
0x089C	0x200020  	MOV	#2, W0
0x089E	0x09000C  	REPEAT	#12
0x08A0	0x781FB0  	PUSH	[W0++]
;SensorTemperatura.c,40 :: 		void Timer1Int() org IVT_ADDR_T1INTERRUPT { // Timer1 interrupt handler
;SensorTemperatura.c,43 :: 		T1IF_bit    = 0;                          // Clear TMR1IF                                  //  to measure sampling frequency
0x08A2	0x781F8A  	PUSH	W10
0x08A4	0x781F8B  	PUSH	W11
0x08A6	0x781F8C  	PUSH	W12
0x08A8	0xA96084  	BCLR	T1IF_bit, BitPos(T1IF_bit+0)
;SensorTemperatura.c,44 :: 		LATB.F15 = !LATB.F15;
0x08AA	0xAAE2CD  	BTG	LATB, #15
;SensorTemperatura.c,45 :: 		adcValue = ADC1_Get_Sample(0);
0x08AC	0xEF2014  	CLR	W10
0x08AE	0x07FFC3  	RCALL	_ADC1_Get_Sample
0x08B0	0x884060  	MOV	W0, _adcValue
;SensorTemperatura.c,47 :: 		temperatura = (3.3*100.0/1024.0)*adcValue;
0x08B2	0xDE80CF  	ASR	W0, #15, W1
0x08B4	0xEB8100  	SETM	W2
0x08B6	0x07FE4D  	RCALL	__Long2Float
0x08B8	0x200002  	MOV	#0, W2
0x08BA	0x23EA53  	MOV	#16037, W3
0x08BC	0x07FD13  	RCALL	__Mul_FP
0x08BE	0x8840C0  	MOV	W0, _temperatura
0x08C0	0x8840D1  	MOV	W1, _temperatura+2
;SensorTemperatura.c,50 :: 		FloatToStr(temperatura, txt) ;
0x08C2	0x2080EC  	MOV	#lo_addr(_txt), W12
0x08C4	0xBE0500  	MOV.D	W0, W10
0x08C6	0x07FEA0  	RCALL	_FloatToStr
;SensorTemperatura.c,55 :: 		Lcd_Out(1,1,txt);
0x08C8	0x2080EC  	MOV	#lo_addr(_txt), W12
0x08CA	0x20001B  	MOV	#1, W11
0x08CC	0x20001A  	MOV	#1, W10
0x08CE	0x07FDD2  	RCALL	_Lcd_Out
;SensorTemperatura.c,58 :: 		}
L_end_Timer1Int:
0x08D0	0x78064F  	POP	W12
0x08D2	0x7805CF  	POP	W11
0x08D4	0x78054F  	POP	W10
0x08D6	0x2001A0  	MOV	#26, W0
0x08D8	0x09000C  	REPEAT	#12
0x08DA	0x78104F  	POP	[W0--]
0x08DC	0x78004F  	POP	W0
0x08DE	0xF90036  	POP	RCOUNT
0x08E0	0xF90034  	POP	PSVPAG
0x08E2	0x064000  	RETFIE
; end of _Timer1Int
_ADC1_Get_Sample:
0x0836	0xFA0000  	LNK	#0
;__Lib_ADC_1_p24HJ_p33_3_8.c,60 :: 		
;__Lib_ADC_1_p24HJ_p33_3_8.c,61 :: 		
0x0838	0x200010  	MOV	#1, W0
0x083A	0xDD000A  	SL	W0, W10, W0
0x083C	0xEA8080  	COM	W0, W1
0x083E	0x2032C0  	MOV	#lo_addr(AD1PCFGL), W0
0x0840	0x608810  	AND	W1, [W0], [W0]
;__Lib_ADC_1_p24HJ_p33_3_8.c,63 :: 		
0x0842	0x88194A  	MOV	W10, AD1CHS0
;__Lib_ADC_1_p24HJ_p33_3_8.c,64 :: 		
0x0844	0xA82320  	BSET	AD1CON1, #1
;__Lib_ADC_1_p24HJ_p33_3_8.c,66 :: 		
L_ADC1_Get_Sample0:
0x0846	0xAF0320  	BTSC	AD1CON1, #0
0x0848	0x370001  	BRA	L_ADC1_Get_Sample1
;__Lib_ADC_1_p24HJ_p33_3_8.c,67 :: 		
0x084A	0x37FFFD  	BRA	L_ADC1_Get_Sample0
L_ADC1_Get_Sample1:
;__Lib_ADC_1_p24HJ_p33_3_8.c,68 :: 		
0x084C	0xA90320  	BCLR	AD1CON1, #0
;__Lib_ADC_1_p24HJ_p33_3_8.c,70 :: 		
0x084E	0xBF8300  	MOV	ADC1BUF0, WREG
;__Lib_ADC_1_p24HJ_p33_3_8.c,72 :: 		
L_end_ADC1_Get_Sample:
0x0850	0xFA8000  	ULNK
0x0852	0x060000  	RETURN
; end of _ADC1_Get_Sample
_FloatToStr:
0x0608	0xFA0006  	LNK	#6
;__Lib_Conversions.c,472 :: 		
;__Lib_Conversions.c,474 :: 		
0x060A	0x781F8A  	PUSH	W10
0x060C	0x781F8B  	PUSH	W11
0x060E	0x200000  	MOV	#0, W0
0x0610	0x984740  	MOV.B	W0, [W14+4]
0x0612	0x200000  	MOV	#0, W0
0x0614	0x984750  	MOV.B	W0, [W14+5]
;__Lib_Conversions.c,476 :: 		
;__Lib_Conversions.c,479 :: 		
0x0616	0x98070A  	MOV	W10, [W14+0]
0x0618	0x98071B  	MOV	W11, [W14+2]
;__Lib_Conversions.c,480 :: 		
0x061A	0x90010E  	MOV	[W14+0], W2
0x061C	0x90019E  	MOV	[W14+2], W3
0x061E	0x2FFFF0  	MOV	#65535, W0
0x0620	0x2FFFF1  	MOV	#65535, W1
0x0622	0xE11000  	CP	W2, W0
0x0624	0xE19801  	CPB	W3, W1
0x0626	0x3A0005  	BRA NZ	L_FloatToStr76
L__FloatToStr173:
;__Lib_Conversions.c,481 :: 		
0x0628	0x20806B  	MOV	#lo_addr(?lstr1___Lib_Conversions), W11
0x062A	0x78050C  	MOV	W12, W10
0x062C	0x07FE3A  	RCALL	_strcpy
;__Lib_Conversions.c,482 :: 		
0x062E	0xB3C030  	MOV.B	#3, W0
0x0630	0x3700FE  	BRA	L_end_FloatToStr
;__Lib_Conversions.c,483 :: 		
L_FloatToStr76:
;__Lib_Conversions.c,484 :: 		
; i start address is: 12 (W6)
0x0632	0xB3C016  	MOV.B	#1, W6
;__Lib_Conversions.c,485 :: 		
0x0634	0x470060  	ADD	W14, #0, W0
0x0636	0x400063  	ADD	W0, #3, W0
0x0638	0x784010  	MOV.B	[W0], W0
0x063A	0xAEE000  	BTSS	W0, #7
0x063C	0x37000D  	BRA	L__FloatToStr111
;__Lib_Conversions.c,486 :: 		
0x063E	0x470060  	ADD	W14, #0, W0
0x0640	0x400163  	ADD	W0, #3, W2
0x0642	0xFB8092  	ZE	[W2], W1
0x0644	0x200800  	MOV	#128, W0
0x0646	0x688000  	XOR	W1, W0, W0
0x0648	0x784900  	MOV.B	W0, [W2]
;__Lib_Conversions.c,487 :: 		
; i start address is: 2 (W1)
0x064A	0x4340E1  	ADD.B	W6, #1, W1
; i end address is: 12 (W6)
;__Lib_Conversions.c,488 :: 		
0x064C	0xB3C2D0  	MOV.B	#45, W0
0x064E	0x784E00  	MOV.B	W0, [W12]
0x0650	0x460061  	ADD	W12, #1, W0
0x0652	0x780600  	MOV	W0, W12
; i end address is: 2 (W1)
0x0654	0x784201  	MOV.B	W1, W4
;__Lib_Conversions.c,489 :: 		
0x0656	0x370001  	BRA	L_FloatToStr77
L__FloatToStr111:
;__Lib_Conversions.c,485 :: 		
0x0658	0x784206  	MOV.B	W6, W4
;__Lib_Conversions.c,489 :: 		
L_FloatToStr77:
;__Lib_Conversions.c,490 :: 		
; i start address is: 8 (W4)
0x065A	0x90000E  	MOV	[W14+0], W0
0x065C	0x90009E  	MOV	[W14+2], W1
0x065E	0xE10060  	CP	W0, #0
0x0660	0xE18860  	CPB	W1, #0
0x0662	0x3A0005  	BRA NZ	L_FloatToStr78
L__FloatToStr174:
; i end address is: 8 (W4)
;__Lib_Conversions.c,491 :: 		
0x0664	0x20800B  	MOV	#lo_addr(?lstr2___Lib_Conversions), W11
0x0666	0x78050C  	MOV	W12, W10
0x0668	0x07FE1C  	RCALL	_strcpy
;__Lib_Conversions.c,492 :: 		
0x066A	0xEF2000  	CLR	W0
0x066C	0x3700E0  	BRA	L_end_FloatToStr
;__Lib_Conversions.c,493 :: 		
L_FloatToStr78:
;__Lib_Conversions.c,494 :: 		
; i start address is: 8 (W4)
0x066E	0x90010E  	MOV	[W14+0], W2
0x0670	0x90019E  	MOV	[W14+2], W3
0x0672	0x200000  	MOV	#0, W0
0x0674	0x27F801  	MOV	#32640, W1
0x0676	0xE11000  	CP	W2, W0
0x0678	0xE19801  	CPB	W3, W1
0x067A	0x3A0005  	BRA NZ	L_FloatToStr79
L__FloatToStr175:
;__Lib_Conversions.c,495 :: 		
0x067C	0x20802B  	MOV	#lo_addr(?lstr3___Lib_Conversions), W11
0x067E	0x78050C  	MOV	W12, W10
0x0680	0x07FE10  	RCALL	_strcpy
;__Lib_Conversions.c,496 :: 		
0x0682	0x784004  	MOV.B	W4, W0
; i end address is: 8 (W4)
0x0684	0x3700D4  	BRA	L_end_FloatToStr
;__Lib_Conversions.c,497 :: 		
L_FloatToStr79:
;__Lib_Conversions.c,505 :: 		
L_FloatToStr80:
0x0686	0x781F8C  	PUSH	W12
0x0688	0xBE9F8A  	PUSH.D	W10
0x068A	0x200002  	MOV	#0, W2
0x068C	0x23F803  	MOV	#16256, W3
0x068E	0x90000E  	MOV	[W14+0], W0
0x0690	0x90009E  	MOV	[W14+2], W1
0x0692	0x07FE16  	RCALL	__Compare_Le_Fp
0x0694	0xE00000  	CP0	W0
0x0696	0xEF6000  	CLR.B	W0
0x0698	0x3D0001  	BRA GE	L__FloatToStr176
0x069A	0xEC6000  	INC.B	W0
L__FloatToStr176:
0x069C	0xBE054F  	POP.D	W10
0x069E	0x78064F  	POP	W12
0x06A0	0xE24000  	CP0.B	W0
0x06A2	0x32000F  	BRA Z	L_FloatToStr81
L__FloatToStr177:
;__Lib_Conversions.c,506 :: 		
0x06A4	0x781F8C  	PUSH	W12
0x06A6	0xBE9F8A  	PUSH.D	W10
0x06A8	0x90000E  	MOV	[W14+0], W0
0x06AA	0x90009E  	MOV	[W14+2], W1
0x06AC	0x200002  	MOV	#0, W2
0x06AE	0x241203  	MOV	#16672, W3
0x06B0	0x07FE19  	RCALL	__Mul_FP
0x06B2	0xBE054F  	POP.D	W10
0x06B4	0x78064F  	POP	W12
0x06B6	0x980700  	MOV	W0, [W14+0]
0x06B8	0x980711  	MOV	W1, [W14+2]
;__Lib_Conversions.c,507 :: 		
0x06BA	0x9040DE  	MOV.B	[W14+5], W1
0x06BC	0x470065  	ADD	W14, #5, W0
0x06BE	0x50C861  	SUB.B	W1, #1, [W0]
;__Lib_Conversions.c,508 :: 		
0x06C0	0x37FFE2  	BRA	L_FloatToStr80
L_FloatToStr81:
;__Lib_Conversions.c,513 :: 		
L_FloatToStr82:
0x06C2	0x781F8C  	PUSH	W12
0x06C4	0xBE9F8A  	PUSH.D	W10
0x06C6	0x200002  	MOV	#0, W2
0x06C8	0x241203  	MOV	#16672, W3
0x06CA	0x90000E  	MOV	[W14+0], W0
0x06CC	0x90009E  	MOV	[W14+2], W1
0x06CE	0x07FE05  	RCALL	__Compare_Ge_Fp
0x06D0	0xE00000  	CP0	W0
0x06D2	0xEF6000  	CLR.B	W0
0x06D4	0x350001  	BRA LT	L__FloatToStr178
0x06D6	0xEC6000  	INC.B	W0
L__FloatToStr178:
0x06D8	0xBE054F  	POP.D	W10
0x06DA	0x78064F  	POP	W12
0x06DC	0xE24000  	CP0.B	W0
0x06DE	0x32000F  	BRA Z	L_FloatToStr83
L__FloatToStr179:
;__Lib_Conversions.c,514 :: 		
0x06E0	0x781F8C  	PUSH	W12
0x06E2	0xBE9F8A  	PUSH.D	W10
0x06E4	0x90000E  	MOV	[W14+0], W0
0x06E6	0x90009E  	MOV	[W14+2], W1
0x06E8	0x2CCCD2  	MOV	#52429, W2
0x06EA	0x23DCC3  	MOV	#15820, W3
0x06EC	0x07FDFB  	RCALL	__Mul_FP
0x06EE	0xBE054F  	POP.D	W10
0x06F0	0x78064F  	POP	W12
0x06F2	0x980700  	MOV	W0, [W14+0]
0x06F4	0x980711  	MOV	W1, [W14+2]
;__Lib_Conversions.c,515 :: 		
0x06F6	0x9040DE  	MOV.B	[W14+5], W1
0x06F8	0x470065  	ADD	W14, #5, W0
0x06FA	0x40C861  	ADD.B	W1, #1, [W0]
;__Lib_Conversions.c,516 :: 		
0x06FC	0x37FFE2  	BRA	L_FloatToStr82
L_FloatToStr83:
;__Lib_Conversions.c,521 :: 		
0x06FE	0x470160  	ADD	W14, #0, W2
0x0700	0xD00032  	SL	[W2++], W0
0x0702	0xD280A2  	RLC	[W2--], W1
0x0704	0x980700  	MOV	W0, [W14+0]
0x0706	0x980711  	MOV	W1, [W14+2]
;__Lib_Conversions.c,530 :: 		
0x0708	0x470060  	ADD	W14, #0, W0
0x070A	0x400063  	ADD	W0, #3, W0
0x070C	0x784090  	MOV.B	[W0], W1
0x070E	0xB3C7F0  	MOV.B	#127, W0
; d start address is: 4 (W2)
0x0710	0x50C100  	SUB.B	W1, W0, W2
;__Lib_Conversions.c,533 :: 		
0x0712	0x470060  	ADD	W14, #0, W0
0x0714	0x4000E3  	ADD	W0, #3, W1
0x0716	0xB3C010  	MOV.B	#1, W0
0x0718	0x784880  	MOV.B	W0, [W1]
;__Lib_Conversions.c,534 :: 		
0x071A	0xFB8182  	ZE	W2, W3
; d end address is: 4 (W2)
0x071C	0x470160  	ADD	W14, #0, W2
0x071E	0xBE0012  	MOV.D	[W2], W0
L__FloatToStr180:
0x0720	0xE90183  	DEC	W3, W3
0x0722	0x350003  	BRA LT	L__FloatToStr181
0x0724	0xD00000  	SL	W0, W0
0x0726	0xD28081  	RLC	W1, W1
0x0728	0x37FFFB  	BRA	L__FloatToStr180
L__FloatToStr181:
0x072A	0x980700  	MOV	W0, [W14+0]
0x072C	0x980711  	MOV	W1, [W14+2]
;__Lib_Conversions.c,535 :: 		
0x072E	0x470060  	ADD	W14, #0, W0
0x0730	0x400063  	ADD	W0, #3, W0
0x0732	0x200301  	MOV	#48, W1
0x0734	0xFB8010  	ZE	[W0], W0
0x0736	0x408000  	ADD	W1, W0, W0
0x0738	0x784E00  	MOV.B	W0, [W12]
0x073A	0x460061  	ADD	W12, #1, W0
0x073C	0x780600  	MOV	W0, W12
;__Lib_Conversions.c,536 :: 		
0x073E	0x90405E  	MOV.B	[W14+5], W0
0x0740	0xE10461  	CP.B	W0, #1
0x0742	0x350004  	BRA LT	L__FloatToStr110
L__FloatToStr182:
0x0744	0x90405E  	MOV.B	[W14+5], W0
0x0746	0xE10466  	CP.B	W0, #6
0x0748	0x3C0001  	BRA GT	L__FloatToStr109
L__FloatToStr183:
0x074A	0x370006  	BRA	L_FloatToStr86
L__FloatToStr110:
L__FloatToStr109:
;__Lib_Conversions.c,537 :: 		
0x074C	0xB3C2E0  	MOV.B	#46, W0
0x074E	0x784E00  	MOV.B	W0, [W12]
0x0750	0x460061  	ADD	W12, #1, W0
0x0752	0x780600  	MOV	W0, W12
;__Lib_Conversions.c,538 :: 		
0x0754	0xB3C010  	MOV.B	#1, W0
0x0756	0x984740  	MOV.B	W0, [W14+4]
;__Lib_Conversions.c,539 :: 		
L_FloatToStr86:
;__Lib_Conversions.c,540 :: 		
; d start address is: 10 (W5)
0x0758	0xB3C065  	MOV.B	#6, W5
; d end address is: 10 (W5)
L_FloatToStr87:
; d start address is: 10 (W5)
0x075A	0xE12C60  	CP.B	W5, #0
0x075C	0x32002C  	BRA Z	L_FloatToStr88
L__FloatToStr184:
;__Lib_Conversions.c,541 :: 		
0x075E	0x470060  	ADD	W14, #0, W0
0x0760	0x4000E3  	ADD	W0, #3, W1
0x0762	0xEF2000  	CLR	W0
0x0764	0x784880  	MOV.B	W0, [W1]
;__Lib_Conversions.c,542 :: 		
0x0766	0x470060  	ADD	W14, #0, W0
0x0768	0xD001B0  	SL	[W0++], W3
0x076A	0xD28220  	RLC	[W0--], W4
0x076C	0xD00183  	SL	W3, W3
0x076E	0xD28204  	RLC	W4, W4
0x0770	0x470160  	ADD	W14, #0, W2
0x0772	0x418032  	ADD	W3, [W2++], W0
0x0774	0x4A00A2  	ADDC	W4, [W2--], W1
0x0776	0x980700  	MOV	W0, [W14+0]
0x0778	0x980711  	MOV	W1, [W14+2]
;__Lib_Conversions.c,543 :: 		
0x077A	0x470160  	ADD	W14, #0, W2
0x077C	0xD00032  	SL	[W2++], W0
0x077E	0xD280A2  	RLC	[W2--], W1
0x0780	0x980700  	MOV	W0, [W14+0]
0x0782	0x980711  	MOV	W1, [W14+2]
;__Lib_Conversions.c,544 :: 		
0x0784	0x470060  	ADD	W14, #0, W0
0x0786	0x400063  	ADD	W0, #3, W0
0x0788	0x200301  	MOV	#48, W1
0x078A	0xFB8010  	ZE	[W0], W0
0x078C	0x408000  	ADD	W1, W0, W0
0x078E	0x784E00  	MOV.B	W0, [W12]
0x0790	0x460061  	ADD	W12, #1, W0
0x0792	0x780600  	MOV	W0, W12
;__Lib_Conversions.c,545 :: 		
0x0794	0x90404E  	MOV.B	[W14+4], W0
0x0796	0xE10460  	CP.B	W0, #0
0x0798	0x3A000B  	BRA NZ	L_FloatToStr90
L__FloatToStr185:
;__Lib_Conversions.c,546 :: 		
0x079A	0x90405E  	MOV.B	[W14+5], W0
0x079C	0xED6000  	DEC.B	W0
0x079E	0x984750  	MOV.B	W0, [W14+5]
0x07A0	0xE10460  	CP.B	W0, #0
0x07A2	0x3A0006  	BRA NZ	L_FloatToStr91
L__FloatToStr186:
;__Lib_Conversions.c,547 :: 		
0x07A4	0xB3C2E0  	MOV.B	#46, W0
0x07A6	0x784E00  	MOV.B	W0, [W12]
0x07A8	0x460061  	ADD	W12, #1, W0
0x07AA	0x780600  	MOV	W0, W12
;__Lib_Conversions.c,548 :: 		
0x07AC	0xB3C010  	MOV.B	#1, W0
0x07AE	0x984740  	MOV.B	W0, [W14+4]
;__Lib_Conversions.c,549 :: 		
L_FloatToStr91:
L_FloatToStr90:
;__Lib_Conversions.c,540 :: 		
; d start address is: 0 (W0)
0x07B0	0x52C061  	SUB.B	W5, #1, W0
; d end address is: 10 (W5)
;__Lib_Conversions.c,550 :: 		
0x07B2	0x784280  	MOV.B	W0, W5
; d end address is: 0 (W0)
0x07B4	0x37FFD2  	BRA	L_FloatToStr87
L_FloatToStr88:
;__Lib_Conversions.c,551 :: 		
L_FloatToStr92:
0x07B6	0x2FFFF0  	MOV	#65535, W0
0x07B8	0x460000  	ADD	W12, W0, W0
0x07BA	0x784090  	MOV.B	[W0], W1
0x07BC	0xB3C300  	MOV.B	#48, W0
0x07BE	0xE10C00  	CP.B	W1, W0
0x07C0	0x3A0003  	BRA NZ	L_FloatToStr93
L__FloatToStr187:
;__Lib_Conversions.c,552 :: 		
0x07C2	0x560061  	SUB	W12, #1, W0
0x07C4	0x780600  	MOV	W0, W12
0x07C6	0x37FFF7  	BRA	L_FloatToStr92
L_FloatToStr93:
;__Lib_Conversions.c,553 :: 		
0x07C8	0x2FFFF0  	MOV	#65535, W0
0x07CA	0x460000  	ADD	W12, W0, W0
0x07CC	0x784090  	MOV.B	[W0], W1
0x07CE	0xB3C2E0  	MOV.B	#46, W0
0x07D0	0xE10C00  	CP.B	W1, W0
0x07D2	0x3A0002  	BRA NZ	L_FloatToStr94
L__FloatToStr188:
;__Lib_Conversions.c,554 :: 		
0x07D4	0x560061  	SUB	W12, #1, W0
0x07D6	0x780600  	MOV	W0, W12
L_FloatToStr94:
;__Lib_Conversions.c,555 :: 		
0x07D8	0x90405E  	MOV.B	[W14+5], W0
0x07DA	0xE10460  	CP.B	W0, #0
0x07DC	0x320025  	BRA Z	L_FloatToStr95
L__FloatToStr189:
;__Lib_Conversions.c,556 :: 		
0x07DE	0xB3C650  	MOV.B	#101, W0
0x07E0	0x784E00  	MOV.B	W0, [W12]
0x07E2	0x460061  	ADD	W12, #1, W0
0x07E4	0x780600  	MOV	W0, W12
;__Lib_Conversions.c,557 :: 		
0x07E6	0x90405E  	MOV.B	[W14+5], W0
0x07E8	0xE10460  	CP.B	W0, #0
0x07EA	0x3D0007  	BRA GE	L_FloatToStr96
L__FloatToStr190:
;__Lib_Conversions.c,558 :: 		
0x07EC	0xB3C2D0  	MOV.B	#45, W0
0x07EE	0x784E00  	MOV.B	W0, [W12]
0x07F0	0x460061  	ADD	W12, #1, W0
0x07F2	0x780600  	MOV	W0, W12
;__Lib_Conversions.c,559 :: 		
0x07F4	0x9040DE  	MOV.B	[W14+5], W1
0x07F6	0x470065  	ADD	W14, #5, W0
0x07F8	0x10C860  	SUBR.B	W1, #0, [W0]
;__Lib_Conversions.c,560 :: 		
L_FloatToStr96:
;__Lib_Conversions.c,561 :: 		
; d start address is: 6 (W3)
0x07FA	0x9041DE  	MOV.B	[W14+5], W3
;__Lib_Conversions.c,562 :: 		
0x07FC	0x90405E  	MOV.B	[W14+5], W0
0x07FE	0xE10469  	CP.B	W0, #9
0x0800	0x36000A  	BRA LEU	L_FloatToStr97
L__FloatToStr191:
;__Lib_Conversions.c,563 :: 		
0x0802	0xFB8003  	ZE	W3, W0
0x0804	0x2000A2  	MOV	#10, W2
0x0806	0x090011  	REPEAT	#17
0x0808	0xD80002  	DIV.S	W0, W2
0x080A	0x780080  	MOV	W0, W1
0x080C	0x200300  	MOV	#48, W0
0x080E	0x400001  	ADD	W0, W1, W0
0x0810	0x784E00  	MOV.B	W0, [W12]
0x0812	0x460061  	ADD	W12, #1, W0
0x0814	0x780600  	MOV	W0, W12
L_FloatToStr97:
;__Lib_Conversions.c,564 :: 		
0x0816	0xFB8003  	ZE	W3, W0
; d end address is: 6 (W3)
0x0818	0x2000A2  	MOV	#10, W2
0x081A	0x090011  	REPEAT	#17
0x081C	0xD80002  	DIV.S	W0, W2
0x081E	0x200300  	MOV	#48, W0
0x0820	0x400001  	ADD	W0, W1, W0
0x0822	0x784E00  	MOV.B	W0, [W12]
0x0824	0x460061  	ADD	W12, #1, W0
0x0826	0x780600  	MOV	W0, W12
;__Lib_Conversions.c,565 :: 		
L_FloatToStr95:
;__Lib_Conversions.c,566 :: 		
0x0828	0xEF2000  	CLR	W0
0x082A	0x784E00  	MOV.B	W0, [W12]
;__Lib_Conversions.c,567 :: 		
0x082C	0xEF2000  	CLR	W0
;__Lib_Conversions.c,568 :: 		
;__Lib_Conversions.c,567 :: 		
;__Lib_Conversions.c,568 :: 		
L_end_FloatToStr:
0x082E	0x7805CF  	POP	W11
0x0830	0x78054F  	POP	W10
0x0832	0xFA8000  	ULNK
0x0834	0x060000  	RETURN
; end of _FloatToStr
_strcpy:
0x02A2	0xFA0000  	LNK	#0
;__Lib_CString.c,133 :: 		
;__Lib_CString.c,136 :: 		
; cp start address is: 0 (W0)
0x02A4	0x78000A  	MOV	W10, W0
; cp end address is: 0 (W0)
;__Lib_CString.c,137 :: 		
L_strcpy34:
; cp start address is: 6 (W3)
; cp start address is: 0 (W0)
0x02A6	0x780100  	MOV	W0, W2
; cp start address is: 6 (W3)
0x02A8	0x4001E1  	ADD	W0, #1, W3
; cp end address is: 0 (W0)
; cp end address is: 6 (W3)
0x02AA	0x78008B  	MOV	W11, W1
0x02AC	0x458061  	ADD	W11, #1, W0
0x02AE	0x780580  	MOV	W0, W11
0x02B0	0x784911  	MOV.B	[W1], [W2]
0x02B2	0xE00412  	CP0.B	[W2]
0x02B4	0x320002  	BRA Z	L_strcpy35
L__strcpy132:
; cp end address is: 6 (W3)
;__Lib_CString.c,138 :: 		
; cp start address is: 6 (W3)
0x02B6	0x780003  	MOV	W3, W0
; cp end address is: 6 (W3)
0x02B8	0x37FFF6  	BRA	L_strcpy34
L_strcpy35:
;__Lib_CString.c,139 :: 		
0x02BA	0x78000A  	MOV	W10, W0
;__Lib_CString.c,140 :: 		
L_end_strcpy:
0x02BC	0xFA8000  	ULNK
0x02BE	0x060000  	RETURN
; end of _strcpy
__Compare_Le_Fp:
0x02C0	0xFA0000  	LNK	#0
;__Lib_MathDouble.c,1348 :: 		
;__Lib_MathDouble.c,1349 :: 		
0x02C2	0x200014  	MOV	#1, W4
;__Lib_MathDouble.c,1350 :: 		
0x02C4	0x07FFAE  	RCALL	__Compare_Fp
;__Lib_MathDouble.c,1351 :: 		
L_end__Compare_Le_Fp:
0x02C6	0xFA8000  	ULNK
0x02C8	0x060000  	RETURN
; end of __Compare_Le_Fp
__Compare_Fp:
0x0222	0xFA0000  	LNK	#0
;__Lib_MathDouble.c,1272 :: 		
;__Lib_MathDouble.c,1274 :: 		
0x0224	0x070002  	RCALL	CompareFp__fcompare
;__Lib_MathDouble.c,1275 :: 		
0x0226	0x000000040290  	GOTO	the_end__Compare_Fp
;__Lib_MathDouble.c,1277 :: 		
CompareFp__fcompare:
;__Lib_MathDouble.c,1278 :: 		
0x022A	0x781F84  	MOV	W4, [W15++]
;__Lib_MathDouble.c,1279 :: 		
0x022C	0x070014  	RCALL	CompareFp__funpack2
;__Lib_MathDouble.c,1280 :: 		
0x022E	0x78004F  	MOV	[--W15], W0
;__Lib_MathDouble.c,1281 :: 		
0x0230	0x330011  	BRA N	CompareFp_exit
;__Lib_MathDouble.c,1282 :: 		
0x0232	0x2FFFF0  	MOV	#65535, W0
;__Lib_MathDouble.c,1283 :: 		
0x0234	0x6C8F83  	XOR	W9, W3, [W15]
;__Lib_MathDouble.c,1284 :: 		
0x0236	0x3B0006  	BRA NN	CompareFp_comparemag
;__Lib_MathDouble.c,1285 :: 		
0x0238	0x650504  	AND	W10, W4, W10
;__Lib_MathDouble.c,1286 :: 		
0x023A	0xA7000A  	BTSC	W10, #0
;__Lib_MathDouble.c,1287 :: 		
0x023C	0x370008  	BRA	CompareFp_returnEqual
;__Lib_MathDouble.c,1288 :: 		
0x023E	0xA6F009  	BTSS	W9, #15
;__Lib_MathDouble.c,1289 :: 		
0x0240	0x200010  	MOV	#1, W0
;__Lib_MathDouble.c,1290 :: 		
0x0242	0x370008  	BRA	CompareFp_exit
;__Lib_MathDouble.c,1291 :: 		
CompareFp_comparemag:
;__Lib_MathDouble.c,1292 :: 		
0x0244	0x540F82  	SUB	W8, W2, [W15]
;__Lib_MathDouble.c,1293 :: 		
0x0246	0x5C8F83  	SUBB	W9, W3, [W15]
;__Lib_MathDouble.c,1294 :: 		
0x0248	0x390003  	BRA LTU	CompareFp_adjust
;__Lib_MathDouble.c,1295 :: 		
0x024A	0x200010  	MOV	#1, W0
;__Lib_MathDouble.c,1296 :: 		
0x024C	0x3E0001  	BRA GTU	CompareFp_adjust
;__Lib_MathDouble.c,1297 :: 		
CompareFp_returnEqual:
;__Lib_MathDouble.c,1298 :: 		
0x024E	0x200000  	MOV	#0, W0
;__Lib_MathDouble.c,1299 :: 		
CompareFp_adjust:
;__Lib_MathDouble.c,1300 :: 		
0x0250	0xA7F009  	BTSC	W9, #15
;__Lib_MathDouble.c,1301 :: 		
0x0252	0xEA0000  	NEG	W0, W0
;__Lib_MathDouble.c,1302 :: 		
CompareFp_exit:
;__Lib_MathDouble.c,1303 :: 		
0x0254	0x060000  	RETURN
;__Lib_MathDouble.c,1304 :: 		
CompareFp__funpack2:
;__Lib_MathDouble.c,1305 :: 		
0x0256	0xBE8400  	MOV.D	W0, W8
;__Lib_MathDouble.c,1306 :: 		
0x0258	0x070006  	RCALL	CompareFp__funpack
;__Lib_MathDouble.c,1307 :: 		
0x025A	0xBE8300  	MOV.D	W0, W6
;__Lib_MathDouble.c,1308 :: 		
0x025C	0xBE8504  	MOV.D	W4, W10
;__Lib_MathDouble.c,1309 :: 		
0x025E	0xBE8002  	MOV.D	W2, W0
;__Lib_MathDouble.c,1310 :: 		
0x0260	0x070002  	RCALL	CompareFp__funpack
;__Lib_MathDouble.c,1311 :: 		
0x0262	0x754F84  	IOR.B	W10, W4, [W15]
;__Lib_MathDouble.c,1312 :: 		
0x0264	0x060000  	RETURN
;__Lib_MathDouble.c,1313 :: 		
CompareFp__funpack:
;__Lib_MathDouble.c,1314 :: 		
0x0266	0xDE0AC7  	LSR	W1, #7, W5
;__Lib_MathDouble.c,1315 :: 		
0x0268	0xB207F1  	AND	#127, W1
;__Lib_MathDouble.c,1316 :: 		
0x026A	0xB20FF5  	AND	#255, W5
;__Lib_MathDouble.c,1317 :: 		
0x026C	0x320008  	BRA Z	CompareFp_zeroorsub
;__Lib_MathDouble.c,1318 :: 		
0x026E	0x42CFE1  	ADD.B	W5, #1, [W15]
;__Lib_MathDouble.c,1319 :: 		
0x0270	0x320002  	BRA Z	CompareFp_nanorinf
;__Lib_MathDouble.c,1320 :: 		
CompareFp_finitereturn:
;__Lib_MathDouble.c,1321 :: 		
0x0272	0xA8E002  	BSET	W1, #7
;__Lib_MathDouble.c,1322 :: 		
0x0274	0x050024  	RETLW	#2, W4
;__Lib_MathDouble.c,1323 :: 		
CompareFp_nanorinf:
;__Lib_MathDouble.c,1324 :: 		
0x0276	0x700F81  	IOR	W0, W1, [W15]
;__Lib_MathDouble.c,1325 :: 		
0x0278	0x320001  	BRA Z	CompareFp_infinite
;__Lib_MathDouble.c,1326 :: 		
0x027A	0x050804  	RETLW	#128, W4
;__Lib_MathDouble.c,1327 :: 		
CompareFp_infinite:
;__Lib_MathDouble.c,1328 :: 		
0x027C	0x050044  	RETLW	#4, W4
;__Lib_MathDouble.c,1329 :: 		
CompareFp_zeroorsub:
;__Lib_MathDouble.c,1330 :: 		
0x027E	0x700F81  	IOR	W0, W1, [W15]
;__Lib_MathDouble.c,1331 :: 		
0x0280	0x3A0002  	BRA NZ	CompareFp_subnormal
;__Lib_MathDouble.c,1332 :: 		
0x0282	0x050014  	RETLW	#1, W4
;__Lib_MathDouble.c,1333 :: 		
CompareFp_normalize:
;__Lib_MathDouble.c,1334 :: 		
0x0284	0xE90285  	DEC	W5, W5
;__Lib_MathDouble.c,1335 :: 		
CompareFp_subnormal:
;__Lib_MathDouble.c,1336 :: 		
0x0286	0x400000  	ADD	W0, W0, W0
;__Lib_MathDouble.c,1337 :: 		
0x0288	0x48C081  	ADDC.B	W1, W1, W1
;__Lib_MathDouble.c,1338 :: 		
0x028A	0x3BFFFC  	BRA NN	CompareFp_normalize
;__Lib_MathDouble.c,1339 :: 		
0x028C	0xA8E002  	BSET	W1, #7
;__Lib_MathDouble.c,1340 :: 		
0x028E	0x050024  	RETLW	#2, W4
;__Lib_MathDouble.c,1343 :: 		
the_end__Compare_Fp:
;__Lib_MathDouble.c,1345 :: 		
L_end__Compare_Fp:
0x0290	0xFA8000  	ULNK
0x0292	0x060000  	RETURN
; end of __Compare_Fp
__Compare_Ge_Fp:
0x02DA	0xFA0000  	LNK	#0
;__Lib_MathDouble.c,1354 :: 		
;__Lib_MathDouble.c,1355 :: 		
0x02DC	0x2FFFF4  	MOV	#65535, W4
;__Lib_MathDouble.c,1356 :: 		
0x02DE	0x07FFA1  	RCALL	__Compare_Fp
;__Lib_MathDouble.c,1357 :: 		
L_end__Compare_Ge_Fp:
0x02E0	0xFA8000  	ULNK
0x02E2	0x060000  	RETURN
; end of __Compare_Ge_Fp
__Mul_FP:
0x02E4	0xFA0000  	LNK	#0
;__Lib_MathDouble.c,855 :: 		
;__Lib_MathDouble.c,857 :: 		
0x02E6	0x070002  	RCALL	MulFP___mulsf3
;__Lib_MathDouble.c,858 :: 		
0x02E8	0x0000000403FA  	GOTO	the_end__Mul_FP
;__Lib_MathDouble.c,861 :: 		
MulFP___mulsf3:
;__Lib_MathDouble.c,862 :: 		
0x02EC	0xBE9F88  	MOV.D	W8, [W15++]
;__Lib_MathDouble.c,863 :: 		
0x02EE	0xBE9F8A  	MOV.D	W10, [W15++]
;__Lib_MathDouble.c,864 :: 		
0x02F0	0x781F8C  	MOV	W12, [W15++]
;__Lib_MathDouble.c,865 :: 		
0x02F2	0x070030  	RCALL	MulFP__funpack2
;__Lib_MathDouble.c,866 :: 		
0x02F4	0x330037  	BRA N	MulFP__fPropagateNaN
;__Lib_MathDouble.c,867 :: 		
0x02F6	0x6C8603  	XOR	W9, W3, W12
;__Lib_MathDouble.c,868 :: 		
0x02F8	0xE15064  	CP	W10, #4
;__Lib_MathDouble.c,869 :: 		
0x02FA	0x320024  	BRA Z	MulFP_aisinfinite
;__Lib_MathDouble.c,870 :: 		
0x02FC	0xE12064  	CP	W4, #4
;__Lib_MathDouble.c,871 :: 		
0x02FE	0x320027  	BRA Z	MulFP_bisinfinite
;__Lib_MathDouble.c,872 :: 		
0x0300	0xE15061  	CP	W10, #1
;__Lib_MathDouble.c,873 :: 		
0x0302	0x320022  	BRA Z	MulFP_return8_1
;__Lib_MathDouble.c,874 :: 		
0x0304	0xE12061  	CP	W4, #1
;__Lib_MathDouble.c,875 :: 		
0x0306	0x320021  	BRA Z	MulFP_return2_1
;__Lib_MathDouble.c,876 :: 		
0x0308	0x42858B  	ADD	W5, W11, W11
;__Lib_MathDouble.c,877 :: 		
0x030A	0xB107EB  	SUB	#126, W11
;__Lib_MathDouble.c,878 :: 		
0x030C	0xB83401  	MUL.UU	W6, W1, W8
;__Lib_MathDouble.c,879 :: 		
0x030E	0xB83A00  	MUL.UU	W7, W0, W4
;__Lib_MathDouble.c,880 :: 		
0x0310	0x420408  	ADD	W4, W8, W8
;__Lib_MathDouble.c,881 :: 		
0x0312	0x4A8489  	ADDC	W5, W9, W9
;__Lib_MathDouble.c,882 :: 		
0x0314	0xB83A01  	MUL.UU	W7, W1, W4
;__Lib_MathDouble.c,883 :: 		
0x0316	0xB83000  	MUL.UU	W6, W0, W0
;__Lib_MathDouble.c,884 :: 		
0x0318	0x408088  	ADD	W1, W8, W1
;__Lib_MathDouble.c,885 :: 		
0x031A	0x4A0109  	ADDC	W4, W9, W2
;__Lib_MathDouble.c,886 :: 		
0x031C	0x330004  	BRA N	MulFP_formsticky
;__Lib_MathDouble.c,887 :: 		
0x031E	0x400000  	ADD	W0, W0, W0
;__Lib_MathDouble.c,888 :: 		
0x0320	0x488081  	ADDC	W1, W1, W1
;__Lib_MathDouble.c,889 :: 		
0x0322	0x490102  	ADDC	W2, W2, W2
;__Lib_MathDouble.c,890 :: 		
0x0324	0xE9058B  	DEC	W11, W11
;__Lib_MathDouble.c,891 :: 		
MulFP_formsticky:
;__Lib_MathDouble.c,892 :: 		
0x0326	0xDD09C9  	SL	W1, #9, W3
;__Lib_MathDouble.c,893 :: 		
0x0328	0x700183  	IOR	W0, W3, W3
;__Lib_MathDouble.c,894 :: 		
0x032A	0x320001  	BRA Z	MulFP_formRandSig
;__Lib_MathDouble.c,895 :: 		
0x032C	0x200013  	MOV	#1, W3
;__Lib_MathDouble.c,896 :: 		
MulFP_formRandSig:
;__Lib_MathDouble.c,897 :: 		
0x032E	0xDE14C8  	LSR	W2, #8, W9
;__Lib_MathDouble.c,898 :: 		
0x0330	0xDD1448  	SL	W2, #8, W8
;__Lib_MathDouble.c,899 :: 		
0x0332	0xDE0947  	LSR	W1, #7, W2
;__Lib_MathDouble.c,900 :: 		
0x0334	0xB20012  	AND	#1, W2
;__Lib_MathDouble.c,901 :: 		
0x0336	0xDE08C8  	LSR	W1, #8, W1
;__Lib_MathDouble.c,902 :: 		
0x0338	0x708408  	IOR	W1, W8, W8
;__Lib_MathDouble.c,903 :: 		
0x033A	0x070024  	RCALL	MulFP__fpack
;__Lib_MathDouble.c,904 :: 		
MulFP_return0_1:
;__Lib_MathDouble.c,905 :: 		
0x033C	0xA1F001  	BCLR	W1, #15
;__Lib_MathDouble.c,906 :: 		
0x033E	0xA7F00C  	BTSC	W12, #15
;__Lib_MathDouble.c,907 :: 		
0x0340	0xA8E003  	BSET	W1, #15
;__Lib_MathDouble.c,908 :: 		
0x0342	0x370019  	BRA	MulFP__fbopExit
;__Lib_MathDouble.c,909 :: 		
MulFP_aisinfinite:
;__Lib_MathDouble.c,910 :: 		
0x0344	0xE12061  	CP	W4, #1
;__Lib_MathDouble.c,911 :: 		
0x0346	0x32001B  	BRA Z	MulFP__fbopReturnNaN
;__Lib_MathDouble.c,912 :: 		
MulFP_return8_1:
;__Lib_MathDouble.c,913 :: 		
0x0348	0xBE8108  	MOV.D	W8, W2
;__Lib_MathDouble.c,914 :: 		
MulFP_return2_1:
;__Lib_MathDouble.c,915 :: 		
0x034A	0xBE8002  	MOV.D	W2, W0
;__Lib_MathDouble.c,916 :: 		
0x034C	0x37FFF7  	BRA	MulFP_return0_1
;__Lib_MathDouble.c,917 :: 		
MulFP_bisinfinite:
;__Lib_MathDouble.c,918 :: 		
0x034E	0xE15061  	CP	W10, #1
;__Lib_MathDouble.c,919 :: 		
0x0350	0x3AFFFC  	BRA NZ	MulFP_return2_1
;__Lib_MathDouble.c,920 :: 		
0x0352	0x370015  	BRA	MulFP__fbopReturnNaN
;__Lib_MathDouble.c,921 :: 		
MulFP__funpack2:
;__Lib_MathDouble.c,922 :: 		
0x0354	0xBE8400  	MOV.D	W0, W8
;__Lib_MathDouble.c,923 :: 		
0x0356	0x07003C  	RCALL	MulFP__funpack
;__Lib_MathDouble.c,924 :: 		
0x0358	0xBE8300  	MOV.D	W0, W6
;__Lib_MathDouble.c,925 :: 		
0x035A	0xBE8504  	MOV.D	W4, W10
;__Lib_MathDouble.c,926 :: 		
0x035C	0xBE8002  	MOV.D	W2, W0
;__Lib_MathDouble.c,927 :: 		
0x035E	0x070038  	RCALL	MulFP__funpack
;__Lib_MathDouble.c,928 :: 		
0x0360	0x754F84  	IOR.B	W10, W4, [W15]
;__Lib_MathDouble.c,929 :: 		
0x0362	0x060000  	RETURN
;__Lib_MathDouble.c,930 :: 		
MulFP__fPropagateNaN:
;__Lib_MathDouble.c,931 :: 		
0x0364	0xBE8002  	MOV.D	W2, W0
;__Lib_MathDouble.c,932 :: 		
0x0366	0xE15064  	CP	W10, #4
;__Lib_MathDouble.c,933 :: 		
0x0368	0x360005  	BRA LEU	MulFP_return0_2
;__Lib_MathDouble.c,934 :: 		
0x036A	0xE12064  	CP	W4, #4
;__Lib_MathDouble.c,935 :: 		
0x036C	0x360002  	BRA LEU	MulFP_return8_2
;__Lib_MathDouble.c,936 :: 		
0x036E	0xA36809  	BTST.Z	W9, #6
;__Lib_MathDouble.c,937 :: 		
0x0370	0x3A0001  	BRA NZ	MulFP_return0_2
;__Lib_MathDouble.c,938 :: 		
MulFP_return8_2:
;__Lib_MathDouble.c,939 :: 		
0x0372	0xBE8008  	MOV.D	W8, W0
;__Lib_MathDouble.c,940 :: 		
MulFP_return0_2:
;__Lib_MathDouble.c,941 :: 		
0x0374	0xA8C002  	BSET	W1, #6
;__Lib_MathDouble.c,942 :: 		
MulFP__fbopExit:
;__Lib_MathDouble.c,943 :: 		
0x0376	0x78064F  	MOV	[--W15], W12
;__Lib_MathDouble.c,944 :: 		
0x0378	0xBE054F  	MOV.D	[--W15], W10
;__Lib_MathDouble.c,945 :: 		
0x037A	0xBE044F  	MOV.D	[--W15], W8
;__Lib_MathDouble.c,946 :: 		
0x037C	0x060000  	RETURN
;__Lib_MathDouble.c,947 :: 		
MulFP__fbopReturnNaN:
;__Lib_MathDouble.c,948 :: 		
0x037E	0x2FFFF0  	MOV	#65535, W0
;__Lib_MathDouble.c,949 :: 		
0x0380	0x27FFF1  	MOV	#32767, W1
;__Lib_MathDouble.c,950 :: 		
0x0382	0x37FFF9  	BRA	MulFP__fbopExit
;__Lib_MathDouble.c,951 :: 		
MulFP__fpack:
;__Lib_MathDouble.c,952 :: 		
0x0384	0x200081  	MOV	#8, W1
;__Lib_MathDouble.c,953 :: 		
0x0386	0x558061  	SUB	W11, #1, W0
;__Lib_MathDouble.c,954 :: 		
0x0388	0x3D000B  	BRA GE	MulFP_notsubnormal
;__Lib_MathDouble.c,955 :: 		
0x038A	0x20000B  	MOV	#0, W11
;__Lib_MathDouble.c,956 :: 		
0x038C	0x2FFE61  	MOV	#65510, W1
;__Lib_MathDouble.c,957 :: 		
0x038E	0xE10001  	CP	W0, W1
;__Lib_MathDouble.c,958 :: 		
0x0390	0x34001D  	BRA LE	MulFP_zerosig
;__Lib_MathDouble.c,959 :: 		
MulFP_subnormal1:
;__Lib_MathDouble.c,960 :: 		
0x0392	0x718182  	IOR	W3, W2, W3
;__Lib_MathDouble.c,961 :: 		
0x0394	0x640161  	AND	W8, #1, W2
;__Lib_MathDouble.c,962 :: 		
0x0396	0xD10489  	LSR	W9, W9
;__Lib_MathDouble.c,963 :: 		
0x0398	0xD38408  	RRC	W8, W8
;__Lib_MathDouble.c,964 :: 		
0x039A	0xE80000  	INC	W0, W0
;__Lib_MathDouble.c,965 :: 		
0x039C	0x3AFFFA  	BRA NZ	MulFP_subnormal1
;__Lib_MathDouble.c,966 :: 		
0x039E	0x200071  	MOV	#7, W1
;__Lib_MathDouble.c,967 :: 		
MulFP_notsubnormal:
;__Lib_MathDouble.c,968 :: 		
0x03A0	0x640061  	AND	W8, #1, W0
;__Lib_MathDouble.c,969 :: 		
0x03A2	0x700003  	IOR	W0, W3, W0
;__Lib_MathDouble.c,970 :: 		
0x03A4	0x600002  	AND	W0, W2, W0
;__Lib_MathDouble.c,971 :: 		
0x03A6	0x320009  	BRA Z	MulFP_packupandgo
;__Lib_MathDouble.c,972 :: 		
0x03A8	0x440461  	ADD	W8, #1, W8
;__Lib_MathDouble.c,973 :: 		
0x03AA	0x4C84E0  	ADDC	W9, #0, W9
;__Lib_MathDouble.c,974 :: 		
0x03AC	0xA58809  	BTST.Z	W9, W1
;__Lib_MathDouble.c,975 :: 		
0x03AE	0x320005  	BRA Z	MulFP_packupandgo
;__Lib_MathDouble.c,976 :: 		
0x03B0	0xE8058B  	INC	W11, W11
;__Lib_MathDouble.c,977 :: 		
0x03B2	0xE10868  	CP	W1, #8
;__Lib_MathDouble.c,978 :: 		
0x03B4	0x3A0002  	BRA NZ	MulFP_packupandgo
;__Lib_MathDouble.c,979 :: 		
0x03B6	0xD10489  	LSR	W9, W9
;__Lib_MathDouble.c,980 :: 		
0x03B8	0xD38408  	RRC	W8, W8
;__Lib_MathDouble.c,981 :: 		
MulFP_packupandgo:
;__Lib_MathDouble.c,982 :: 		
0x03BA	0x200FF2  	MOV	#255, W2
;__Lib_MathDouble.c,983 :: 		
0x03BC	0xE15802  	CP	W11, W2
;__Lib_MathDouble.c,984 :: 		
0x03BE	0x3D0005  	BRA GE	MulFP_overflow
;__Lib_MathDouble.c,985 :: 		
0x03C0	0xDD5DC7  	SL	W11, #7, W11
;__Lib_MathDouble.c,986 :: 		
0x03C2	0xB207F9  	AND	#127, W9
;__Lib_MathDouble.c,987 :: 		
0x03C4	0x758089  	IOR	W11, W9, W1
;__Lib_MathDouble.c,988 :: 		
0x03C6	0x880008  	MOV	W8, W0
;__Lib_MathDouble.c,989 :: 		
0x03C8	0x060000  	RETURN
;__Lib_MathDouble.c,990 :: 		
MulFP_overflow:
;__Lib_MathDouble.c,991 :: 		
0x03CA	0x27F80B  	MOV	#32640, W11
;__Lib_MathDouble.c,992 :: 		
MulFP_zerosig:
;__Lib_MathDouble.c,993 :: 		
0x03CC	0x88001B  	MOV	W11, W1
;__Lib_MathDouble.c,994 :: 		
0x03CE	0x050000  	RETLW	#0, W0
;__Lib_MathDouble.c,995 :: 		
MulFP__funpack:
;__Lib_MathDouble.c,996 :: 		
0x03D0	0xDE0AC7  	LSR	W1, #7, W5
;__Lib_MathDouble.c,997 :: 		
0x03D2	0xB207F1  	AND	#127, W1
;__Lib_MathDouble.c,998 :: 		
0x03D4	0xB20FF5  	AND	#255, W5
;__Lib_MathDouble.c,999 :: 		
0x03D6	0x320008  	BRA Z	MulFP_zeroorsub
;__Lib_MathDouble.c,1000 :: 		
0x03D8	0x42CFE1  	ADD.B	W5, #1, [W15]
;__Lib_MathDouble.c,1001 :: 		
0x03DA	0x320002  	BRA Z	MulFP_nanorinf
;__Lib_MathDouble.c,1002 :: 		
MulFP_finitereturn:
;__Lib_MathDouble.c,1003 :: 		
0x03DC	0xA8E002  	BSET	W1, #7
;__Lib_MathDouble.c,1004 :: 		
0x03DE	0x050024  	RETLW	#2, W4
;__Lib_MathDouble.c,1005 :: 		
MulFP_nanorinf:
;__Lib_MathDouble.c,1006 :: 		
0x03E0	0x700F81  	IOR	W0, W1, [W15]
;__Lib_MathDouble.c,1007 :: 		
0x03E2	0x320001  	BRA Z	MulFP_infinite
;__Lib_MathDouble.c,1008 :: 		
0x03E4	0x050804  	RETLW	#128, W4
;__Lib_MathDouble.c,1009 :: 		
MulFP_infinite:
;__Lib_MathDouble.c,1010 :: 		
0x03E6	0x050044  	RETLW	#4, W4
;__Lib_MathDouble.c,1011 :: 		
MulFP_zeroorsub:
;__Lib_MathDouble.c,1012 :: 		
0x03E8	0x700F81  	IOR	W0, W1, [W15]
;__Lib_MathDouble.c,1013 :: 		
0x03EA	0x3A0002  	BRA NZ	MulFP_subnormal2
;__Lib_MathDouble.c,1014 :: 		
0x03EC	0x050014  	RETLW	#1, W4
;__Lib_MathDouble.c,1015 :: 		
MulFP_normalize:
;__Lib_MathDouble.c,1016 :: 		
0x03EE	0xE90285  	DEC	W5, W5
;__Lib_MathDouble.c,1017 :: 		
MulFP_subnormal2:
;__Lib_MathDouble.c,1018 :: 		
0x03F0	0x400000  	ADD	W0, W0, W0
;__Lib_MathDouble.c,1019 :: 		
0x03F2	0x48C081  	ADDC.B	W1, W1, W1
;__Lib_MathDouble.c,1020 :: 		
0x03F4	0x3BFFFC  	BRA NN	MulFP_normalize
;__Lib_MathDouble.c,1021 :: 		
0x03F6	0xA8E002  	BSET	W1, #7
;__Lib_MathDouble.c,1022 :: 		
0x03F8	0x050024  	RETLW	#2, W4
;__Lib_MathDouble.c,1025 :: 		
the_end__Mul_FP:
;__Lib_MathDouble.c,1028 :: 		
L_end__Mul_FP:
0x03FA	0xFA8000  	ULNK
0x03FC	0x060000  	RETURN
; end of __Mul_FP
_Lcd_Out:
0x0474	0xFA0000  	LNK	#0
;__Lib_Lcd.c,187 :: 		
;__Lib_Lcd.c,190 :: 		
0x0476	0x781F8A  	PUSH	W10
0x0478	0x37000A  	BRA	L_Lcd_Out11
;__Lib_Lcd.c,191 :: 		
L_Lcd_Out13:
0x047A	0x20080A  	MOV	#128, W10
0x047C	0x370011  	BRA	L_Lcd_Out12
;__Lib_Lcd.c,192 :: 		
L_Lcd_Out14:
0x047E	0x200C0A  	MOV	#192, W10
0x0480	0x37000F  	BRA	L_Lcd_Out12
;__Lib_Lcd.c,193 :: 		
L_Lcd_Out15:
0x0482	0x20094A  	MOV	#148, W10
0x0484	0x37000D  	BRA	L_Lcd_Out12
;__Lib_Lcd.c,194 :: 		
L_Lcd_Out16:
0x0486	0x200D4A  	MOV	#212, W10
0x0488	0x37000B  	BRA	L_Lcd_Out12
;__Lib_Lcd.c,195 :: 		
L_Lcd_Out17:
0x048A	0x20080A  	MOV	#128, W10
;__Lib_Lcd.c,196 :: 		
0x048C	0x370009  	BRA	L_Lcd_Out12
L_Lcd_Out11:
0x048E	0xE15061  	CP	W10, #1
0x0490	0x32FFF4  	BRA Z	L_Lcd_Out13
L__Lcd_Out32:
0x0492	0xE15062  	CP	W10, #2
0x0494	0x32FFF4  	BRA Z	L_Lcd_Out14
L__Lcd_Out33:
0x0496	0xE15063  	CP	W10, #3
0x0498	0x32FFF4  	BRA Z	L_Lcd_Out15
L__Lcd_Out34:
0x049A	0xE15064  	CP	W10, #4
0x049C	0x32FFF4  	BRA Z	L_Lcd_Out16
L__Lcd_Out35:
0x049E	0x37FFF5  	BRA	L_Lcd_Out17
L_Lcd_Out12:
;__Lib_Lcd.c,199 :: 		
0x04A0	0x558061  	SUB	W11, #1, W0
0x04A2	0x450000  	ADD	W10, W0, W0
0x04A4	0x780500  	MOV	W0, W10
;__Lib_Lcd.c,201 :: 		
0x04A6	0x784500  	MOV.B	W0, W10
0x04A8	0x07FFAF  	RCALL	_Lcd_Cmd
;__Lib_Lcd.c,202 :: 		
0x04AA	0x2080A0  	MOV	#lo_addr(__Lib_Lcd_cmd_status), W0
0x04AC	0xA10010  	BCLR	[W0], BitPos(__Lib_Lcd_cmd_status+0)
;__Lib_Lcd.c,203 :: 		
; i start address is: 4 (W2)
0x04AE	0xEF2004  	CLR	W2
; i end address is: 4 (W2)
;__Lib_Lcd.c,204 :: 		
L_Lcd_Out18:
; i start address is: 4 (W2)
0x04B0	0x460002  	ADD	W12, W2, W0
0x04B2	0xE00410  	CP0.B	[W0]
0x04B4	0x320007  	BRA Z	L_Lcd_Out19
L__Lcd_Out36:
;__Lib_Lcd.c,205 :: 		
0x04B6	0x460002  	ADD	W12, W2, W0
0x04B8	0x781F8A  	PUSH	W10
0x04BA	0x784510  	MOV.B	[W0], W10
0x04BC	0x07FF06  	RCALL	_Lcd_Chr_CP
0x04BE	0x78054F  	POP	W10
0x04C0	0xEC2004  	INC	W2
; i end address is: 4 (W2)
0x04C2	0x37FFF6  	BRA	L_Lcd_Out18
L_Lcd_Out19:
;__Lib_Lcd.c,206 :: 		
0x04C4	0x2080A0  	MOV	#lo_addr(__Lib_Lcd_cmd_status), W0
0x04C6	0xA00010  	BSET	[W0], BitPos(__Lib_Lcd_cmd_status+0)
;__Lib_Lcd.c,207 :: 		
L_end_Lcd_Out:
0x04C8	0x78054F  	POP	W10
0x04CA	0xFA8000  	ULNK
0x04CC	0x060000  	RETURN
; end of _Lcd_Out
_Lcd_Chr_CP:
0x02CA	0xFA0000  	LNK	#0
;__Lib_Lcd.c,67 :: 		
;__Lib_Lcd.c,69 :: 		
0x02CC	0x2080A0  	MOV	#lo_addr(__Lib_Lcd_cmd_status), W0
0x02CE	0xA10010  	BCLR	[W0], BitPos(__Lib_Lcd_cmd_status+0)
;__Lib_Lcd.c,70 :: 		
0x02D0	0x07009B  	RCALL	_Lcd_Cmd
;__Lib_Lcd.c,71 :: 		
0x02D2	0x2080A0  	MOV	#lo_addr(__Lib_Lcd_cmd_status), W0
0x02D4	0xA00010  	BSET	[W0], BitPos(__Lib_Lcd_cmd_status+0)
;__Lib_Lcd.c,72 :: 		
L_end_Lcd_Chr_CP:
0x02D6	0xFA8000  	ULNK
0x02D8	0x060000  	RETURN
; end of _Lcd_Chr_CP
__Long2Float:
0x0552	0xFA0000  	LNK	#0
;__Lib_MathDouble.c,104 :: 		
;__Lib_MathDouble.c,106 :: 		
0x0554	0x070002  	RCALL	LL_intro_Long2Float
;__Lib_MathDouble.c,107 :: 		
0x0556	0x000000040604  	GOTO	the_end__Long2Float
;__Lib_MathDouble.c,109 :: 		
LL_intro_Long2Float:
;__Lib_MathDouble.c,110 :: 		
0x055A	0xE20004  	CP0	W2
;__Lib_MathDouble.c,111 :: 		
0x055C	0x3A0006  	BRA NZ	Longint2Float__floatsisf
;__Lib_MathDouble.c,113 :: 		
Longword2Float__floatuisf:
;__Lib_MathDouble.c,114 :: 		
0x055E	0xEB0500  	CLR	W10
;__Lib_MathDouble.c,115 :: 		
0x0560	0xE20002  	CP0	W1
;__Lib_MathDouble.c,116 :: 		
0x0562	0x3E000F  	BRA GTU	Long2Float_notspecial
;__Lib_MathDouble.c,117 :: 		
0x0564	0xE20000  	CP0	W0
;__Lib_MathDouble.c,118 :: 		
0x0566	0x320027  	BRA Z	Long2Float_return0
;__Lib_MathDouble.c,119 :: 		
0x0568	0x37000C  	BRA	Long2Float_notspecial
;__Lib_MathDouble.c,121 :: 		
Longint2Float__floatsisf:
;__Lib_MathDouble.c,122 :: 		
0x056A	0x8800A1  	MOV	W1, W10
;__Lib_MathDouble.c,123 :: 		
0x056C	0xE20002  	CP0	W1
;__Lib_MathDouble.c,124 :: 		
0x056E	0x350004  	BRA LT	Longint2Float_negative
;__Lib_MathDouble.c,125 :: 		
0x0570	0x3C0008  	BRA GT	Long2Float_notspecial
;__Lib_MathDouble.c,126 :: 		
0x0572	0xE20000  	CP0	W0
;__Lib_MathDouble.c,127 :: 		
0x0574	0x320020  	BRA Z	Long2Float_return0
;__Lib_MathDouble.c,128 :: 		
0x0576	0x370005  	BRA	Long2Float_notspecial
;__Lib_MathDouble.c,129 :: 		
Longint2Float_negative:
;__Lib_MathDouble.c,130 :: 		
0x0578	0x100060  	SUBR	W0, #0, W0
;__Lib_MathDouble.c,131 :: 		
0x057A	0x1880E0  	SUBBR	W1, #0, W1
;__Lib_MathDouble.c,132 :: 		
0x057C	0x3B0002  	BRA NN	Long2Float_notspecial
;__Lib_MathDouble.c,133 :: 		
0x057E	0x2CF001  	MOV	#52992, W1
;__Lib_MathDouble.c,134 :: 		
0x0580	0x37001A  	BRA	Long2Float_return0
;__Lib_MathDouble.c,136 :: 		
Long2Float_notspecial:
;__Lib_MathDouble.c,137 :: 		
0x0582	0xBE8400  	MOV.D	W0, W8
;__Lib_MathDouble.c,138 :: 		
0x0584	0xB81160  	MUL.UU	W2, #0, W2
;__Lib_MathDouble.c,139 :: 		
0x0586	0x20096B  	MOV	#150, W11
;__Lib_MathDouble.c,140 :: 		
0x0588	0xCF8209  	FF1L	W9, W4
;__Lib_MathDouble.c,141 :: 		
0x058A	0x390002  	BRA NC	Long2Float_fixshift
;__Lib_MathDouble.c,142 :: 		
0x058C	0xCF8208  	FF1L	W8, W4
;__Lib_MathDouble.c,143 :: 		
0x058E	0xB04104  	ADD.B	#16, W4
;__Lib_MathDouble.c,144 :: 		
Long2Float_fixshift:
;__Lib_MathDouble.c,145 :: 		
0x0590	0x524269  	SUB.B	W4, #9, W4
;__Lib_MathDouble.c,146 :: 		
0x0592	0x32000E  	BRA Z	Long2Float_round
;__Lib_MathDouble.c,147 :: 		
0x0594	0x3B0008  	BRA NN	Long2Float_shiftleft
;__Lib_MathDouble.c,148 :: 		
Long2Float_shiftright:
;__Lib_MathDouble.c,149 :: 		
0x0596	0x718182  	IOR	W3, W2, W3
;__Lib_MathDouble.c,150 :: 		
0x0598	0x640161  	AND	W8, #1, W2
;__Lib_MathDouble.c,151 :: 		
0x059A	0xD10489  	LSR	W9, W9
;__Lib_MathDouble.c,152 :: 		
0x059C	0xD38408  	RRC	W8, W8
;__Lib_MathDouble.c,153 :: 		
0x059E	0xE8058B  	INC	W11, W11
;__Lib_MathDouble.c,154 :: 		
0x05A0	0xE84204  	INC.B	W4, W4
;__Lib_MathDouble.c,155 :: 		
0x05A2	0x3AFFF9  	BRA NZ	Long2Float_shiftright
;__Lib_MathDouble.c,156 :: 		
0x05A4	0x370005  	BRA	Long2Float_round
;__Lib_MathDouble.c,157 :: 		
Long2Float_shiftleft:
;__Lib_MathDouble.c,158 :: 		
0x05A6	0x440408  	ADD	W8, W8, W8
;__Lib_MathDouble.c,159 :: 		
0x05A8	0x4C8489  	ADDC	W9, W9, W9
;__Lib_MathDouble.c,160 :: 		
0x05AA	0xE9058B  	DEC	W11, W11
;__Lib_MathDouble.c,161 :: 		
0x05AC	0xE94204  	DEC.B	W4, W4
;__Lib_MathDouble.c,162 :: 		
0x05AE	0x3AFFFB  	BRA NZ	Long2Float_shiftleft
;__Lib_MathDouble.c,163 :: 		
Long2Float_round:
;__Lib_MathDouble.c,164 :: 		
0x05B0	0x070003  	RCALL	Long2Float__fpack
;__Lib_MathDouble.c,165 :: 		
0x05B2	0xA7F00A  	BTSC	W10, #15
;__Lib_MathDouble.c,166 :: 		
0x05B4	0xA8E003  	BSET	W1, #15
;__Lib_MathDouble.c,167 :: 		
Long2Float_return0:
;__Lib_MathDouble.c,168 :: 		
0x05B6	0x060000  	RETURN
;__Lib_MathDouble.c,169 :: 		
Long2Float__fpack:
;__Lib_MathDouble.c,170 :: 		
0x05B8	0x200081  	MOV	#8, W1
;__Lib_MathDouble.c,171 :: 		
0x05BA	0x558061  	SUB	W11, #1, W0
;__Lib_MathDouble.c,172 :: 		
0x05BC	0x3D000B  	BRA GE	Long2Float_notsubnormal
;__Lib_MathDouble.c,173 :: 		
0x05BE	0x20000B  	MOV	#0, W11
;__Lib_MathDouble.c,174 :: 		
0x05C0	0x2FFE61  	MOV	#65510, W1
;__Lib_MathDouble.c,175 :: 		
0x05C2	0xE10001  	CP	W0, W1
;__Lib_MathDouble.c,176 :: 		
0x05C4	0x34001D  	BRA LE	Long2Float_zerosig
;__Lib_MathDouble.c,177 :: 		
Long2Float_subnormal:
;__Lib_MathDouble.c,178 :: 		
0x05C6	0x718182  	IOR	W3, W2, W3
;__Lib_MathDouble.c,179 :: 		
0x05C8	0x640161  	AND	W8, #1, W2
;__Lib_MathDouble.c,180 :: 		
0x05CA	0xD10489  	LSR	W9, W9
;__Lib_MathDouble.c,181 :: 		
0x05CC	0xD38408  	RRC	W8, W8
;__Lib_MathDouble.c,182 :: 		
0x05CE	0xE80000  	INC	W0, W0
;__Lib_MathDouble.c,183 :: 		
0x05D0	0x3AFFFA  	BRA NZ	Long2Float_subnormal
;__Lib_MathDouble.c,184 :: 		
0x05D2	0x200071  	MOV	#7, W1
;__Lib_MathDouble.c,185 :: 		
Long2Float_notsubnormal:
;__Lib_MathDouble.c,186 :: 		
0x05D4	0x640061  	AND	W8, #1, W0
;__Lib_MathDouble.c,187 :: 		
0x05D6	0x700003  	IOR	W0, W3, W0
;__Lib_MathDouble.c,188 :: 		
0x05D8	0x600002  	AND	W0, W2, W0
;__Lib_MathDouble.c,189 :: 		
0x05DA	0x320009  	BRA Z	Long2Float_packupandgo
;__Lib_MathDouble.c,190 :: 		
0x05DC	0x440461  	ADD	W8, #1, W8
;__Lib_MathDouble.c,191 :: 		
0x05DE	0x4C84E0  	ADDC	W9, #0, W9
;__Lib_MathDouble.c,192 :: 		
0x05E0	0xA58809  	BTST.Z	W9, W1
;__Lib_MathDouble.c,193 :: 		
0x05E2	0x320005  	BRA Z	Long2Float_packupandgo
;__Lib_MathDouble.c,194 :: 		
0x05E4	0xE8058B  	INC	W11, W11
;__Lib_MathDouble.c,195 :: 		
0x05E6	0xE10868  	CP	W1, #8
;__Lib_MathDouble.c,196 :: 		
0x05E8	0x3A0002  	BRA NZ	Long2Float_packupandgo
;__Lib_MathDouble.c,197 :: 		
0x05EA	0xD10489  	LSR	W9, W9
;__Lib_MathDouble.c,198 :: 		
0x05EC	0xD38408  	RRC	W8, W8
;__Lib_MathDouble.c,199 :: 		
Long2Float_packupandgo:
;__Lib_MathDouble.c,200 :: 		
0x05EE	0x200FF2  	MOV	#255, W2
;__Lib_MathDouble.c,201 :: 		
0x05F0	0xE15802  	CP	W11, W2
;__Lib_MathDouble.c,202 :: 		
0x05F2	0x3D0005  	BRA GE	Long2Float_overflow
;__Lib_MathDouble.c,203 :: 		
0x05F4	0xDD5DC7  	SL	W11, #7, W11
;__Lib_MathDouble.c,204 :: 		
0x05F6	0xB207F9  	AND	#127, W9
;__Lib_MathDouble.c,205 :: 		
0x05F8	0x758089  	IOR	W11, W9, W1
;__Lib_MathDouble.c,206 :: 		
0x05FA	0x880008  	MOV	W8, W0
;__Lib_MathDouble.c,207 :: 		
0x05FC	0x060000  	RETURN
;__Lib_MathDouble.c,208 :: 		
Long2Float_overflow:
;__Lib_MathDouble.c,209 :: 		
0x05FE	0x27F80B  	MOV	#32640, W11
;__Lib_MathDouble.c,210 :: 		
Long2Float_zerosig:
;__Lib_MathDouble.c,211 :: 		
0x0600	0x88001B  	MOV	W11, W1
;__Lib_MathDouble.c,212 :: 		
0x0602	0x050000  	RETLW	#0, W0
;__Lib_MathDouble.c,215 :: 		
the_end__Long2Float:
;__Lib_MathDouble.c,218 :: 		
L_end__Long2Float:
0x0604	0xFA8000  	ULNK
0x0606	0x060000  	RETURN
; end of __Long2Float
;__Lib_Conversions.c,0 :: ?ICS?lstr2___Lib_Conversions [2]
0x08E4	0x0030 ;?ICS?lstr2___Lib_Conversions+0
; end of ?ICS?lstr2___Lib_Conversions
;__Lib_Conversions.c,0 :: ?ICS?lstr3___Lib_Conversions [4]
0x08E6	0x4E49 ;?ICS?lstr3___Lib_Conversions+0
0x08E8	0x0046 ;?ICS?lstr3___Lib_Conversions+2
; end of ?ICS?lstr3___Lib_Conversions
;__Lib_Conversions.c,0 :: ?ICS?lstr1___Lib_Conversions [4]
0x08EA	0x614E ;?ICS?lstr1___Lib_Conversions+0
0x08EC	0x004E ;?ICS?lstr1___Lib_Conversions+2
; end of ?ICS?lstr1___Lib_Conversions
Symbol List:
//** Routines locations **
//ADDRESS    SIZE    PROCEDURE
//----------------------------------------------
0x0200      [12]    _Delay_1us
0x020C      [12]    _Delay_5500us
0x0218      [10]    _Delay_50us
0x0222     [114]    __Compare_Fp
0x0294      [14]    __Lib_Lcd_Strobe
0x02A2      [30]    _strcpy
0x02C0      [10]    __Compare_Le_Fp
0x02CA      [16]    _Lcd_Chr_CP
0x02DA      [10]    __Compare_Ge_Fp
0x02E4     [282]    __Mul_FP
0x03FE      [10]    _Delay_8ms
0x0408     [108]    _Lcd_Cmd
0x0474      [90]    _Lcd_Out
0x04CE      [26]    _ADC1_Init
0x04E8     [106]    _Lcd_Init
0x0552     [182]    __Long2Float
0x0608     [558]    _FloatToStr
0x0836      [30]    _ADC1_Get_Sample
0x0854      [20]    _config_timer
0x0868      [46]    _main
0x0896      [78]    _Timer1Int
//** Variables locations ** 
//ADDRESS    SIZE    VARIABLE
//----------------------------------------------
0x02CC       [0]    LCD_EN
0x02C8       [0]    LCD_D7_Direction
0x02CC       [0]    LCD_RS
0x02CC       [0]    LCD_D6
0x02CC       [0]    LCD_D7
0x02C8       [0]    LCD_D6_Direction
0x02C8       [0]    LCD_EN_Direction
0x0330       [2]    AD1CSSL
0x02C8       [0]    LCD_RS_Direction
0x02C8       [0]    LCD_D5_Direction
0x02C8       [0]    LCD_D4_Direction
0x02CC       [0]    LCD_D5
0x0300       [2]    ADC1BUF0
0x0328       [2]    AD1CHS0
0x032C       [2]    AD1PCFGL
0x080A       [0]    __Lib_Lcd_cmd_status
0x02CC       [0]    LCD_D4
0x080C       [2]    _adcValue
0x080E      [10]    _txt
0x0818       [4]    _temperatura
0x0324       [2]    AD1CON3
0x02C8       [0]    TRISB2_bit
0x02C8       [0]    TRISB3_bit
0x02C8       [0]    TRISB4_bit
0x02C8       [0]    TRISB6_bit
0x02C8       [0]    TRISB5_bit
0x02CC       [0]    LATB2_bit
0x02CC       [0]    LATB7_bit
0x02CC       [0]    LATB3_bit
0x02CC       [0]    LATB6_bit
0x02CC       [0]    LATB4_bit
0x02CC       [0]    LATB5_bit
0x02C8       [0]    TRISB7_bit
0x02CC       [2]    LATB
0x02C8       [2]    TRISB
0x081C       [2]    _ADC_Get_Sample_Ptr
0x0322       [2]    AD1CON2
0x0320       [2]    AD1CON1
0x02C0       [2]    TRISA
0x0094       [0]    T1IE_bit
0x0104       [2]    T1CON
0x0084       [0]    T1IF_bit
0x0102       [2]    PR1
0x00A4       [2]    IPC0
0x0800       [2]    ?lstr2___Lib_Conversions
0x0802       [4]    ?lstr3___Lib_Conversions
0x0806       [4]    ?lstr1___Lib_Conversions
0x00A4       [2]    IPC0
0x0102       [2]    PR1
0x0104       [2]    T1CON
0x0014       [2]    FARG_strcpy_to
0x0016       [2]    FARG_strcpy_from
0x02C0       [2]    TRISA
0x02C8       [2]    TRISB
0x0014       [1]    FARG_Lcd_Chr_CP_out_char
0x02CC       [2]    LATB
0x0300       [2]    ADC1BUF0
0x0320       [2]    AD1CON1
0x0322       [2]    AD1CON2
0x0324       [2]    AD1CON3
0x0328       [2]    AD1CHS0
0x032C       [2]    AD1PCFGL
0x0330       [2]    AD1CSSL
0x0014       [1]    FARG_Lcd_Cmd_out_char
0x0014       [2]    FARG_Lcd_Out_row
0x0016       [2]    FARG_Lcd_Out_column
0x0018       [2]    FARG_Lcd_Out_text
0x0014       [4]    FARG_FloatToStr_fnum
0x0018       [2]    FARG_FloatToStr_str
0x0014       [2]    FARG_ADC1_Get_Sample_channel
//** Constants locations ** 
//ADDRESS    SIZE    CONSTANT
//----------------------------------------------
0x08E4       [2]    ?ICS?lstr2___Lib_Conversions
0x08E6       [4]    ?ICS?lstr3___Lib_Conversions
0x08EA       [4]    ?ICS?lstr1___Lib_Conversions
//** Label List: ** 
//----------------------------------------------
  L_main0
  L_main1
  L_end_config_timer
  _config_timer
  L_end_Timer1Int
  _Timer1Int
  L_end_main
  _main
  L__main_end_loop
  L_ADC1_Get_Sample0
  L_ADC1_Get_Sample1
  L_end_ADC1_Init
  _ADC1_Init
  L_end_ADC1_Init_Advanced
  _ADC1_Init_Advanced
  L_end_ADC1_Get_Sample
  _ADC1_Get_Sample
  L_end_ADC1_Read
  _ADC1_Read
  Delay_Cyc_loop
  Delay_Cyc_rez
  Label1
  Label2
  Delay_Cyc_loop
  Delay_Cyc_rem
  L_VDelay_ms3
  L_VDelay_ms4
  Label1
  Label2
  Delay_Cyc_loop
  Delay_Cyc_rem
  L_VDelay_Advanced_ms7
  L_VDelay_Advanced_ms8
  Label1
  Label2
  Delay_Cyc_loop
  Delay_Cyc_rem
  L_Delay_10us11
  L_Delay_22us13
  L_Delay_50us15
  L_Delay_80us17
  L_Delay_500us19
  L_Delay_5500us21
  L_Delay_1ms23
  L_Delay_5ms25
  L_Delay_8ms27
  L_Delay_10ms29
  L_Delay_100ms31
  L_Delay_1sec33
  L_end_Get_Fosc_kHz
  _Get_Fosc_kHz
  L_end_Get_Fosc_Per_Cyc
  _Get_Fosc_Per_Cyc
  L_end_Delay_Cyc
  _Delay_Cyc
  L_end_Delay_Cyc_Long
  _Delay_Cyc_Long
  L_end_VDelay_ms
  _VDelay_ms
  L_end_VDelay_Advanced_ms
  _VDelay_Advanced_ms
  L_end_Delay_W0
  _Delay_W0
  L_end_Delay_1us
  _Delay_1us
  L_end_Delay_10us
  _Delay_10us
  L_end_Delay_22us
  _Delay_22us
  L_end_Delay_50us
  _Delay_50us
  L_end_Delay_80us
  _Delay_80us
  L_end_Delay_500us
  _Delay_500us
  L_end_Delay_5500us
  _Delay_5500us
  L_end_Delay_1ms
  _Delay_1ms
  L_end_Delay_5ms
  _Delay_5ms
  L_end_Delay_8ms
  _Delay_8ms
  L_end_Delay_10ms
  _Delay_10ms
  L_end_Delay_100ms
  _Delay_100ms
  L_end_Delay_1sec
  _Delay_1sec
  L_Lcd_Cmd0
  L_Lcd_Cmd1
  L_Lcd_Out_CP2
  L_Lcd_Out_CP3
  L_Lcd_Chr4
  L_Lcd_Chr5
  L_Lcd_Chr6
  L_Lcd_Chr7
  L_Lcd_Chr8
  L_Lcd_Chr9
  L_Lcd_Chr10
  L_Lcd_Out11
  L_Lcd_Out12
  L_Lcd_Out13
  L_Lcd_Out14
  L_Lcd_Out15
  L_Lcd_Out16
  L_Lcd_Out17
  L_Lcd_Out18
  L_Lcd_Out19
  L_end_Strobe
  __Lib_Lcd_Strobe
  L_end_Lcd_Cmd
  _Lcd_Cmd
  L_end_Lcd_Chr_CP
  _Lcd_Chr_CP
  L_end_Lcd_Out_CP
  _Lcd_Out_CP
  L__Lcd_Out_CP24
  L_end_Lcd_Chr
  _Lcd_Chr
  L__Lcd_Chr26
  L__Lcd_Chr27
  L__Lcd_Chr28
  L__Lcd_Chr29
  L_end_Lcd_Init
  _Lcd_Init
  L_end_Lcd_Out
  _Lcd_Out
  L__Lcd_Out32
  L__Lcd_Out33
  L__Lcd_Out34
  L__Lcd_Out35
  L__Lcd_Out36
  L_main0
  L_main1
  L_end_config_timer
  _config_timer
  L_end_Timer1Int
  _Timer1Int
  L_end_main
  _main
  L__main_end_loop
  L_ADC1_Get_Sample0
  L_ADC1_Get_Sample1
  L_end_ADC1_Init
  _ADC1_Init
  L_end_ADC1_Init_Advanced
  _ADC1_Init_Advanced
  L_end_ADC1_Get_Sample
  _ADC1_Get_Sample
  L_end_ADC1_Read
  _ADC1_Read
  L_ByteToStr0
  L_ByteToStr1
  L_ByteToStr2
  L_ByteToStr3
  L_ByteToStr4
  L_ByteToStr5
  L_WordToStr6
  L_WordToStr7
  L_WordToStr8
  L_WordToStr9
  L_WordToStr10
  L_WordToStr11
  L_WordToStrWithZeros12
  L_WordToStrWithZeros13
  L_WordToStrWithZeros14
  L_WordToStrWithZeros15
  L_WordToStrWithZeros16
  L_ShortToStr17
  L_ShortToStr18
  L_ShortToStr19
  L_ShortToStr20
  L_ShortToStr21
  L_ShortToStr22
  L_IntToStr23
  L_IntToStr24
  L_IntToStr25
  L_IntToStr26
  L_IntToStr27
  L_IntToStr28
  L_IntToStrWithZeros29
  L_IntToStrWithZeros30
  L_IntToStrWithZeros31
  L_IntToStrWithZeros32
  L_IntToStrWithZeros33
  L_IntToStrWithZeros34
  L_IntToStrWithZeros35
  L_IntToStrWithZeros36
  L_IntToStrWithZeros37
  L_LongWordToStr38
  L_LongWordToStr39
  L_LongWordToStr40
  L_LongWordToStr41
  L_LongWordToStr42
  L_LongWordToStr43
  L_LongWordToStrWithZeros44
  L_LongWordToStrWithZeros45
  L_LongWordToStrWithZeros46
  L_LongWordToStrWithZeros47
  L_LongWordToStrWithZeros48
  L_LongToStr49
  L_LongToStr50
  L_LongToStr51
  L_LongToStr52
  L_LongToStr53
  L_LongToStr54
  L_LongIntToStrWithZeros55
  L_LongIntToStrWithZeros56
  L_LongIntToStrWithZeros57
  L_LongIntToStrWithZeros58
  L_LongIntToStrWithZeros59
  L_LongIntToStrWithZeros60
  L_LongIntToStrWithZeros61
  L_LongIntToStrWithZeros62
  L_LongIntToStrWithZeros63
  L_Dec2Bcd64
  L_Dec2Bcd65
  L_Rtrim66
  L_Rtrim67
  L_Rtrim68
  L_Rtrim69
  L_Ltrim70
  L_Ltrim71
  L_Ltrim72
  L_Ltrim73
  L_Ltrim74
  L_Ltrim75
  L_FloatToStr76
  L_FloatToStr77
  L_FloatToStr78
  L_FloatToStr79
  L_FloatToStr80
  L_FloatToStr81
  L_FloatToStr82
  L_FloatToStr83
  L_FloatToStr84
  L_FloatToStr85
  L_FloatToStr86
  L_FloatToStr87
  L_FloatToStr88
  L_FloatToStr89
  L_FloatToStr90
  L_FloatToStr91
  L_FloatToStr92
  L_FloatToStr93
  L_FloatToStr94
  L_FloatToStr95
  L_FloatToStr96
  L_FloatToStr97
  L__ShortToStr98
  L__IntToStr99
  L__LongToStr100
  L__Rtrim101
  L__Rtrim102
  L__Rtrim103
  L__Ltrim104
  L__Ltrim105
  L__Ltrim106
  L__Ltrim107
  L__FloatToStr108
  L__FloatToStr109
  L__FloatToStr110
  L__FloatToStr111
  L_end_ByteToHex
  _ByteToHex
  L_end_ShortToHex
  _ShortToHex
  L_end_WordToHex
  _WordToHex
  L_end_IntToHex
  _IntToHex
  L_end_LongWordToHex
  _LongWordToHex
  L_end_LongIntToHex
  _LongIntToHex
  L_end_ByteToStr
  _ByteToStr
  L__ByteToStr119
  L__ByteToStr120
  L_end_WordToStr
  _WordToStr
  L__WordToStr122
  L__WordToStr123
  L_end_WordToStrWithZeros
  _WordToStrWithZeros
  L__WordToStrWithZeros125
  L__WordToStrWithZeros126
  L_end_ShortToStr
  _ShortToStr
  L__ShortToStr128
  L__ShortToStr129
  L__ShortToStr130
  L__ShortToStr131
  L_end_IntToStr
  _IntToStr
  L__IntToStr133
  L__IntToStr134
  L__IntToStr135
  L__IntToStr136
  L_end_IntToStrWithZeros
  _IntToStrWithZeros
  L__IntToStrWithZeros138
  L__IntToStrWithZeros139
  L__IntToStrWithZeros140
  L__IntToStrWithZeros141
  L__IntToStrWithZeros142
  L_end_LongWordToStr
  _LongWordToStr
  L__LongWordToStr144
  L__LongWordToStr145
  L_end_LongWordToStrWithZeros
  _LongWordToStrWithZeros
  L__LongWordToStrWithZeros147
  L__LongWordToStrWithZeros148
  L_end_LongToStr
  _LongToStr
  L__LongToStr150
  L__LongToStr151
  L__LongToStr152
  L__LongToStr153
  L_end_LongIntToStrWithZeros
  _LongIntToStrWithZeros
  L__LongIntToStrWithZeros155
  L__LongIntToStrWithZeros156
  L__LongIntToStrWithZeros157
  L__LongIntToStrWithZeros158
  L__LongIntToStrWithZeros159
  L_end_Dec2Bcd
  _Dec2Bcd
  L__Dec2Bcd161
  L_end_Bcd2Dec
  _Bcd2Dec
  L_end_Bcd2Dec16
  _Bcd2Dec16
  L_end_Dec2Bcd16
  _Dec2Bcd16
  L_end_Rtrim
  _Rtrim
  L__Rtrim166
  L__Rtrim167
  L_end_Ltrim
  _Ltrim
  L__Ltrim169
  L__Ltrim170
  L__Ltrim171
  L_end_FloatToStr
  _FloatToStr
  L__FloatToStr173
  L__FloatToStr174
  L__FloatToStr175
  L__FloatToStr176
  L__FloatToStr177
  L__FloatToStr178
  L__FloatToStr179
  L__FloatToStr180
  L__FloatToStr181
  L__FloatToStr182
  L__FloatToStr183
  L__FloatToStr184
  L__FloatToStr185
  L__FloatToStr186
  L__FloatToStr187
  L__FloatToStr188
  L__FloatToStr189
  L__FloatToStr190
  L__FloatToStr191
  L_memchr0
  L_memchr1
  L_memchr2
  L_memchr3
  L_memcmp4
  L_memcmp5
  L_memcmp6
  L_memcpy7
  L_memcpy8
  L_memmove9
  L_memmove10
  L_memmove11
  L_memmove12
  L_memmove13
  L_memmove14
  L_memmove15
  L_memmove16
  L_memmove17
  L_memmove18
  L_memmove19
  L_memset20
  L_memset21
  L_strcat22
  L_strcat23
  L_strcat24
  L_strcat25
  L_strchr26
  L_strchr27
  L_strchr28
  L_strchr29
  L_strcmp30
  L_strcmp31
  L_strcmp32
  L_strcmp33
  L_strcpy34
  L_strcpy35
  L_strlen36
  L_strlen37
  L_strncat38
  L_strncat39
  L_strncat40
  L_strncat41
  L_strncat42
  L_strncat43
  L_strncat44
  L_strncpy45
  L_strncpy46
  L_strncpy47
  L_strncpy48
  L_strncpy49
  L_strspn50
  L_strspn51
  L_strspn52
  L_strspn53
  L_strcspn54
  L_strcspn55
  L_strcspn56
  L_strcspn57
  L_strncmp58
  L_strncmp59
  L_strncmp60
  L_strncmp61
  L_strncmp62
  L_strpbrk63
  L_strpbrk64
  L_strpbrk65
  L_strrchr66
  L_strrchr67
  L_strrchr68
  L_strrchr69
  L_strstr70
  L_strstr71
  L_strstr72
  L_strstr73
  L_strstr74
  L_strtok75
  L_strtok76
  L_strtok77
  L_strtok78
  L_strtok79
  L__memmove80
  L__memmove81
  L__memmove82
  L__memmove83
  L__memmove84
  L__strcmp85
  L__strcmp86
  L__strcmp87
  L__strncat88
  L__strncat89
  L__strncat90
  L__strncat91
  L__strncpy92
  L__strspn93
  L__strspn94
  L__strspn95
  L__strcspn96
  L__strcspn97
  L__strcspn98
  L__strncmp99
  L__strncmp100
  L__strncmp101
  L__strrchr102
  L__strstr103
  L__strstr104
  L__strstr105
  L_end_memchr
  _memchr
  L__memchr107
  L__memchr108
  L_end_memcmp
  _memcmp
  L__memcmp110
  L__memcmp111
  L_end_memcpy
  _memcpy
  L__memcpy113
  L_end_memmove
  _memmove
  L__memmove115
  L__memmove116
  L__memmove117
  L__memmove118
  L__memmove119
  L_end_memset
  _memset
  L__memset121
  L_end_strcat
  _strcat
  L__strcat123
  L__strcat124
  L_end_strchr
  _strchr
  L__strchr126
  L__strchr127
  L_end_strcmp
  _strcmp
  L__strcmp129
  L__strcmp130
  L_end_strcpy
  _strcpy
  L__strcpy132
  L_end_strlen
  _strlen
  L__strlen134
  L_end_strncat
  _strncat
  L__strncat136
  L__strncat137
  L__strncat138
  L__strncat139
  L_end_strncpy
  _strncpy
  L__strncpy141
  L__strncpy142
  L__strncpy143
  L_end_strspn
  _strspn
  L__strspn145
  L__strspn146
  L_end_strcspn
  _strcspn
  L__strcspn148
  L__strcspn149
  L_end_strncmp
  _strncmp
  L__strncmp151
  L__strncmp152
  L__strncmp153
  L_end_strpbrk
  _strpbrk
  L__strpbrk155
  L__strpbrk156
  L_end_strrchr
  _strrchr
  L__strrchr158
  L__strrchr159
  L_end_strstr
  _strstr
  L__strstr161
  L__strstr162
  L__strstr163
  L_end_strtok
  _strtok
  L__strtok165
  L__strtok166
  L__strtok167
  L__strtok168
  L_Lcd_Cmd0
  L_Lcd_Cmd1
  L_Lcd_Out_CP2
  L_Lcd_Out_CP3
  L_Lcd_Chr4
  L_Lcd_Chr5
  L_Lcd_Chr6
  L_Lcd_Chr7
  L_Lcd_Chr8
  L_Lcd_Chr9
  L_Lcd_Chr10
  L_Lcd_Out11
  L_Lcd_Out12
  L_Lcd_Out13
  L_Lcd_Out14
  L_Lcd_Out15
  L_Lcd_Out16
  L_Lcd_Out17
  L_Lcd_Out18
  L_Lcd_Out19
  L_end_Strobe
  __Lib_Lcd_Strobe
  L_end_Lcd_Cmd
  _Lcd_Cmd
  L_end_Lcd_Chr_CP
  _Lcd_Chr_CP
  L_end_Lcd_Out_CP
  _Lcd_Out_CP
  L__Lcd_Out_CP24
  L_end_Lcd_Chr
  _Lcd_Chr
  L__Lcd_Chr26
  L__Lcd_Chr27
  L__Lcd_Chr28
  L__Lcd_Chr29
  L_end_Lcd_Init
  _Lcd_Init
  L_end_Lcd_Out
  _Lcd_Out
  L__Lcd_Out32
  L__Lcd_Out33
  L__Lcd_Out34
  L__Lcd_Out35
  L__Lcd_Out36
  Float__fpack
  the_end_Float__fpack
  Float_notsubnormal
  Float_zerosig
  Float_subnormal
  Float_packupandgo
  Float_overflow
  LL_intro_Long2Float
  the_end__Long2Float
  Longint2Float__floatsisf
  Longword2Float__floatuisf
  Long2Float_notspecial
  Long2Float_return0
  Longint2Float_negative
  Long2Float_fixshift
  Long2Float_round
  Long2Float_shiftleft
  Long2Float_shiftright
  Long2Float__fpack
  Long2Float_notsubnormal
  Long2Float_zerosig
  Long2Float_subnormal
  Long2Float_packupandgo
  Long2Float_overflow
  Longlong2Float_floatdisf
  the_end__LongLong2Float
  Longlong2Float_negative
  Longlong2Float_notspecial
  Longlong2Float_return0
  Longlong2Float_fixshift
  Longlong2Float_round
  Longlong2Float_shiftleft
  Longlong2Float_shiftright
  Float2Longword_fixunssfsi
  the_end__Float2Longword
  Float2Longword_funpack
  Float2Longword_returnzero
  Float2Longword_exit
  Float2Longword_shiftright
  Float2Longword_shiftleft
  Float2Longword_shiftrightloop
  Float2Longword_zeroorsub
  Float2Longword_nanorinf
  Float2Longword_finitereturn
  Float2Longword_infinite
  Float2Longword_subnormal
  Float2Longword_normalize
  Float2Longint__fixsfsi
  the_end__Float2Longint
  Float2Longint__funpack
  Float2Longint_setsign
  Float2Longint_shiftright
  Float2Longint_shiftleft
  Float2Longint_exit
  Float2Longint_shiftrightloop
  Float2Longint_zeroorsub
  Float2Longint_nanorinf
  Float2Longint_finitereturn
  Float2Longint_infinite
  Float2Longint_subnormal
  Float2Longint_normalize
  AddSubFP__addsf3
  the_end__AddSub_FP
  AddSubFP__funpack2
  AddSubFP__fPropagateNaN
  AddSubFP_aisinfinite
  AddSubFP_checkspecialb
  AddSubFP_return2_3
  AddSubFP_getsign
  AddSubFP_gotsign
  AddSubFP_expcanonical
  AddSubFP_nonegate
  AddSubFP_aligniter
  AddSubFP_signoff
  AddSubFP_align
  AddSubFP_aligned
  AddSubFP_normalizesum
  AddSubFP_checknormal
  AddSubFP_round
  AddSubFP_discardguard
  AddSubFP_underflow
  AddSubFP_normalizeloop
  AddSubFP_normalizeexit
  AddSubFP_normalizetest
  AddSubFP__fpack
  AddSubFP__fbopExit
  AddSubFP_return8_3
  AddSubFP__fbopReturnNaN
  AddSubFP__funpack
  AddSubFP_return0_1
  AddSubFP_return8_1
  AddSubFP_notsubnormal_1
  AddSubFP_zerosig
  AddSubFP_subnormal_1
  AddSubFP_packupandgo
  AddSubFP_overflow
  AddSubFP_zeroorsub
  AddSubFP_nanorinf
  AddSubFP_finitereturn
  AddSubFP_infinite
  AddSubFP_subnormal_2
  AddSubFP_normalize
  MulFP___mulsf3
  the_end__Mul_FP
  MulFP__funpack2
  MulFP__fPropagateNaN
  MulFP_aisinfinite
  MulFP_bisinfinite
  MulFP_return8_1
  MulFP_return2_1
  MulFP_formsticky
  MulFP_formRandSig
  MulFP__fpack
  MulFP_return0_1
  MulFP__fbopExit
  MulFP__fbopReturnNaN
  MulFP__funpack
  MulFP_return0_2
  MulFP_return8_2
  MulFP_notsubnormal
  MulFP_zerosig
  MulFP_subnormal1
  MulFP_packupandgo
  MulFP_overflow
  MulFP_zeroorsub
  MulFP_nanorinf
  MulFP_finitereturn
  MulFP_infinite
  MulFP_subnormal2
  MulFP_normalize
  DivFP___divsf3
  the_end__Div_FP
  DivFP__funpack2
  DivFP__fPropagateNaN
  DivFP_aisinfinite
  DivFP_returnZero
  DivFP_aiszero
  DivFP_returnInf
  DivFP_finitenonzero
  DivFP_diventry
  DivFP_divnext
  DivFP_divdone
  DivFP_divloop
  DivFP_stickyok
  DivFP_guardused
  DivFP__fpack
  DivFP_return0_1
  DivFP__fbopExit
  DivFP__fbopReturnNaN
  DivFP_return8_1
  DivFP_return2_1
  DivFP__funpack
  DivFP_return0
  DivFP_return8
  DivFP_notsubnormal
  DivFP_zerosig
  DivFP_subnormal
  DivFP_packupandgo
  DivFP_overfloW
  DivFP_zeroorsub
  DivFP_nanorinf
  DivFP_finitereturn
  DivFP_infinite
  DivFP_subnormal2
  DivFP_normalize
  CompareFp__fcompare
  the_end__Compare_Fp
  CompareFp__funpack2
  CompareFp_exit
  CompareFp_comparemag
  CompareFp_returnEqual
  CompareFp_adjust
  CompareFp__funpack
  CompareFp_zeroorsub
  CompareFp_nanorinf
  CompareFp_finitereturn
  CompareFp_infinite
  CompareFp_subnormal
  CompareFp_normalize
  L_end_Float_fpack
  _Float_fpack
  L_end__Long2Float
  __Long2Float
  L_end__LongLong2Float
  __LongLong2Float
  L_end__Float2Longword
  __Float2Longword
  L_end__Float2Longint
  __Float2Longint
  L_end__AddSub_FP
  __AddSub_FP
  L_end__Sub_FP
  __Sub_FP
  L_end__Mul_FP
  __Mul_FP
  L_end__Div_FP
  __Div_FP
  L_end__Compare_Fp
  __Compare_Fp
  L_end__Compare_Le_Fp
  __Compare_Le_Fp
  L_end__Compare_Ge_Fp
  __Compare_Ge_Fp
